# JRE version: OpenJDK Runtime Environment Temurin-21.0.9+10 (21.0.9+10) (build 21.0.9+10-LTS)
# Java VM: OpenJDK 64-Bit Server VM Temurin-21.0.9+10 (21.0.9+10-LTS, mixed mode, sharing, tiered, compressed oops, compressed class ptrs, parallel gc, windows-amd64)
GC Precious Log:
 CardTable entry size: 512
 CPUs: 12 total, 12 available
 Memory: 16307M
 Large Page Support: Disabled
 NUMA Support: Disabled
 Compressed Oops: Enabled (32-bit)
 Alignments: Space 512K, Generation 512K, Heap 2M
 Heap Min Capacity: 100M
 Heap Initial Capacity: 100M
 Heap Max Capacity: 2G
 Pre-touch: Disabled
 Parallel Workers: 10
Heap:
 PSYoungGen      total 14336K, used 3160K [0x00000000d5580000, 0x00000000d6480000, 0x0000000100000000)
  eden space 13312K, 17% used [0x00000000d5580000,0x00000000d57d5dc8,0x00000000d6280000)
  from space 1024K, 75% used [0x00000000d6280000,0x00000000d6340370,0x00000000d6380000)
  to   space 1024K, 0% used [0x00000000d6380000,0x00000000d6380000,0x00000000d6480000)
 ParOldGen       total 80896K, used 80580K [0x0000000080000000, 0x0000000084f00000, 0x00000000d5580000)
  object space 80896K, 99% used [0x0000000080000000,0x0000000084eb1120,0x0000000084f00000)
 Metaspace       used 61107K, committed 62592K, reserved 1114112K
  class space    used 6457K, committed 7104K, reserved 1048576K
GC Heap History (20 events):
Event: 157.389 GC heap before
{Heap before GC invocations=112 (full 3):
 PSYoungGen      total 13824K, used 13824K [0x00000000d5580000, 0x00000000d6480000, 0x0000000100000000)
  eden space 13312K, 100% used [0x00000000d5580000,0x00000000d6280000,0x00000000d6280000)
  from space 512K, 100% used [0x00000000d6380000,0x00000000d6400000,0x00000000d6400000)
  to   space 1024K, 0% used [0x00000000d6280000,0x00000000d6280000,0x00000000d6380000)
 ParOldGen       total 75776K, used 75338K [0x0000000080000000, 0x0000000084a00000, 0x00000000d5580000)
  object space 75776K, 99% used [0x0000000080000000,0x0000000084992830,0x0000000084a00000)
 Metaspace       used 61094K, committed 62592K, reserved 1114112K
  class space    used 6457K, committed 7104K, reserved 1048576K
}
Event: 157.389 GC heap after
{Heap after GC invocations=112 (full 3):
 PSYoungGen      total 14336K, used 832K [0x00000000d5580000, 0x00000000d6480000, 0x0000000100000000)
  eden space 13312K, 0% used [0x00000000d5580000,0x00000000d5580000,0x00000000d6280000)
  from space 1024K, 81% used [0x00000000d6280000,0x00000000d6350000,0x00000000d6380000)
  to   space 1024K, 0% used [0x00000000d6380000,0x00000000d6380000,0x00000000d6480000)
 ParOldGen       total 76288K, used 75835K [0x0000000080000000, 0x0000000084a80000, 0x00000000d5580000)
  object space 76288K, 99% used [0x0000000080000000,0x0000000084a0eec8,0x0000000084a80000)
 Metaspace       used 61094K, committed 62592K, reserved 1114112K
  class space    used 6457K, committed 7104K, reserved 1048576K
}
Event: 157.400 GC heap before
{Heap before GC invocations=113 (full 3):
 PSYoungGen      total 14336K, used 14144K [0x00000000d5580000, 0x00000000d6480000, 0x0000000100000000)
  eden space 13312K, 100% used [0x00000000d5580000,0x00000000d6280000,0x00000000d6280000)
  from space 1024K, 81% used [0x00000000d6280000,0x00000000d6350000,0x00000000d6380000)
  to   space 1024K, 0% used [0x00000000d6380000,0x00000000d6380000,0x00000000d6480000)
 ParOldGen       total 76288K, used 75835K [0x0000000080000000, 0x0000000084a80000, 0x00000000d5580000)
  object space 76288K, 99% used [0x0000000080000000,0x0000000084a0eec8,0x0000000084a80000)
 Metaspace       used 61094K, committed 62592K, reserved 1114112K
  class space    used 6457K, committed 7104K, reserved 1048576K
}
Event: 157.401 GC heap after
{Heap after GC invocations=113 (full 3):
 PSYoungGen      total 14336K, used 460K [0x00000000d5580000, 0x00000000d6480000, 0x0000000100000000)
  eden space 13312K, 0% used [0x00000000d5580000,0x00000000d5580000,0x00000000d6280000)
  from space 1024K, 44% used [0x00000000d6380000,0x00000000d63f3138,0x00000000d6480000)
  to   space 1024K, 0% used [0x00000000d6280000,0x00000000d6280000,0x00000000d6380000)
 ParOldGen       total 76800K, used 76547K [0x0000000080000000, 0x0000000084b00000, 0x00000000d5580000)
  object space 76800K, 99% used [0x0000000080000000,0x0000000084ac0ed8,0x0000000084b00000)
 Metaspace       used 61094K, committed 62592K, reserved 1114112K
  class space    used 6457K, committed 7104K, reserved 1048576K
}
Event: 157.416 GC heap before
{Heap before GC invocations=114 (full 3):
 PSYoungGen      total 14336K, used 13772K [0x00000000d5580000, 0x00000000d6480000, 0x0000000100000000)
  eden space 13312K, 100% used [0x00000000d5580000,0x00000000d6280000,0x00000000d6280000)
  from space 1024K, 44% used [0x00000000d6380000,0x00000000d63f3138,0x00000000d6480000)
  to   space 1024K, 0% used [0x00000000d6280000,0x00000000d6280000,0x00000000d6380000)
 ParOldGen       total 76800K, used 76547K [0x0000000080000000, 0x0000000084b00000, 0x00000000d5580000)
  object space 76800K, 99% used [0x0000000080000000,0x0000000084ac0ed8,0x0000000084b00000)
 Metaspace       used 61100K, committed 62592K, reserved 1114112K
  class space    used 6457K, committed 7104K, reserved 1048576K
}
Event: 157.416 GC heap after
{Heap after GC invocations=114 (full 3):
 PSYoungGen      total 14336K, used 480K [0x00000000d5580000, 0x00000000d6400000, 0x0000000100000000)
  eden space 13312K, 0% used [0x00000000d5580000,0x00000000d5580000,0x00000000d6280000)
  from space 1024K, 46% used [0x00000000d6280000,0x00000000d62f8000,0x00000000d6380000)
  to   space 512K, 0% used [0x00000000d6380000,0x00000000d6380000,0x00000000d6400000)
 ParOldGen       total 77312K, used 76936K [0x0000000080000000, 0x0000000084b80000, 0x00000000d5580000)
  object space 77312K, 99% used [0x0000000080000000,0x0000000084b220a0,0x0000000084b80000)
 Metaspace       used 61100K, committed 62592K, reserved 1114112K
  class space    used 6457K, committed 7104K, reserved 1048576K
}
Event: 157.435 GC heap before
{Heap before GC invocations=115 (full 3):
 PSYoungGen      total 14336K, used 13792K [0x00000000d5580000, 0x00000000d6400000, 0x0000000100000000)
  eden space 13312K, 100% used [0x00000000d5580000,0x00000000d6280000,0x00000000d6280000)
  from space 1024K, 46% used [0x00000000d6280000,0x00000000d62f8000,0x00000000d6380000)
  to   space 512K, 0% used [0x00000000d6380000,0x00000000d6380000,0x00000000d6400000)
 ParOldGen       total 77312K, used 76936K [0x0000000080000000, 0x0000000084b80000, 0x00000000d5580000)
  object space 77312K, 99% used [0x0000000080000000,0x0000000084b220a0,0x0000000084b80000)
 Metaspace       used 61100K, committed 62592K, reserved 1114112K
  class space    used 6457K, committed 7104K, reserved 1048576K
}
Event: 157.436 GC heap after
{Heap after GC invocations=115 (full 3):
 PSYoungGen      total 13824K, used 480K [0x00000000d5580000, 0x00000000d6400000, 0x0000000100000000)
  eden space 13312K, 0% used [0x00000000d5580000,0x00000000d5580000,0x00000000d6280000)
  from space 512K, 93% used [0x00000000d6380000,0x00000000d63f8000,0x00000000d6400000)
  to   space 512K, 0% used [0x00000000d6300000,0x00000000d6300000,0x00000000d6380000)
 ParOldGen       total 77312K, used 77260K [0x0000000080000000, 0x0000000084b80000, 0x00000000d5580000)
  object space 77312K, 99% used [0x0000000080000000,0x0000000084b73390,0x0000000084b80000)
 Metaspace       used 61100K, committed 62592K, reserved 1114112K
  class space    used 6457K, committed 7104K, reserved 1048576K
}
Event: 157.446 GC heap before
{Heap before GC invocations=116 (full 3):
 PSYoungGen      total 13824K, used 13792K [0x00000000d5580000, 0x00000000d6400000, 0x0000000100000000)
  eden space 13312K, 100% used [0x00000000d5580000,0x00000000d6280000,0x00000000d6280000)
  from space 512K, 93% used [0x00000000d6380000,0x00000000d63f8000,0x00000000d6400000)
  to   space 512K, 0% used [0x00000000d6300000,0x00000000d6300000,0x00000000d6380000)
 ParOldGen       total 77312K, used 77260K [0x0000000080000000, 0x0000000084b80000, 0x00000000d5580000)
  object space 77312K, 99% used [0x0000000080000000,0x0000000084b73390,0x0000000084b80000)
 Metaspace       used 61100K, committed 62592K, reserved 1114112K
  class space    used 6457K, committed 7104K, reserved 1048576K
}
Event: 157.447 GC heap after
{Heap after GC invocations=116 (full 3):
 PSYoungGen      total 13824K, used 448K [0x00000000d5580000, 0x00000000d6400000, 0x0000000100000000)
  eden space 13312K, 0% used [0x00000000d5580000,0x00000000d5580000,0x00000000d6280000)
  from space 512K, 87% used [0x00000000d6300000,0x00000000d6370000,0x00000000d6380000)
  to   space 512K, 0% used [0x00000000d6380000,0x00000000d6380000,0x00000000d6400000)
 ParOldGen       total 77824K, used 77588K [0x0000000080000000, 0x0000000084c00000, 0x00000000d5580000)
  object space 77824K, 99% used [0x0000000080000000,0x0000000084bc5390,0x0000000084c00000)
 Metaspace       used 61100K, committed 62592K, reserved 1114112K
  class space    used 6457K, committed 7104K, reserved 1048576K
}
Event: 157.459 GC heap before
{Heap before GC invocations=117 (full 3):
 PSYoungGen      total 13824K, used 13760K [0x00000000d5580000, 0x00000000d6400000, 0x0000000100000000)
  eden space 13312K, 100% used [0x00000000d5580000,0x00000000d6280000,0x00000000d6280000)
  from space 512K, 87% used [0x00000000d6300000,0x00000000d6370000,0x00000000d6380000)
  to   space 512K, 0% used [0x00000000d6380000,0x00000000d6380000,0x00000000d6400000)
 ParOldGen       total 77824K, used 77588K [0x0000000080000000, 0x0000000084c00000, 0x00000000d5580000)
  object space 77824K, 99% used [0x0000000080000000,0x0000000084bc5390,0x0000000084c00000)
 Metaspace       used 61102K, committed 62592K, reserved 1114112K
  class space    used 6457K, committed 7104K, reserved 1048576K
}
Event: 157.460 GC heap after
{Heap after GC invocations=117 (full 3):
 PSYoungGen      total 13824K, used 448K [0x00000000d5580000, 0x00000000d6400000, 0x0000000100000000)
  eden space 13312K, 0% used [0x00000000d5580000,0x00000000d5580000,0x00000000d6280000)
  from space 512K, 87% used [0x00000000d6380000,0x00000000d63f0000,0x00000000d6400000)
  to   space 512K, 0% used [0x00000000d6300000,0x00000000d6300000,0x00000000d6380000)
 ParOldGen       total 78336K, used 77900K [0x0000000080000000, 0x0000000084c80000, 0x00000000d5580000)
  object space 78336K, 99% used [0x0000000080000000,0x0000000084c13390,0x0000000084c80000)
 Metaspace       used 61102K, committed 62592K, reserved 1114112K
  class space    used 6457K, committed 7104K, reserved 1048576K
}
Event: 157.476 GC heap before
{Heap before GC invocations=118 (full 3):
 PSYoungGen      total 13824K, used 13760K [0x00000000d5580000, 0x00000000d6400000, 0x0000000100000000)
  eden space 13312K, 100% used [0x00000000d5580000,0x00000000d6280000,0x00000000d6280000)
  from space 512K, 87% used [0x00000000d6380000,0x00000000d63f0000,0x00000000d6400000)
  to   space 512K, 0% used [0x00000000d6300000,0x00000000d6300000,0x00000000d6380000)
 ParOldGen       total 78336K, used 77900K [0x0000000080000000, 0x0000000084c80000, 0x00000000d5580000)
  object space 78336K, 99% used [0x0000000080000000,0x0000000084c13390,0x0000000084c80000)
 Metaspace       used 61102K, committed 62592K, reserved 1114112K
  class space    used 6457K, committed 7104K, reserved 1048576K
}
Event: 157.477 GC heap after
{Heap after GC invocations=118 (full 3):
 PSYoungGen      total 13824K, used 384K [0x00000000d5580000, 0x00000000d6400000, 0x0000000100000000)
  eden space 13312K, 0% used [0x00000000d5580000,0x00000000d5580000,0x00000000d6280000)
  from space 512K, 75% used [0x00000000d6300000,0x00000000d6360000,0x00000000d6380000)
  to   space 512K, 0% used [0x00000000d6380000,0x00000000d6380000,0x00000000d6400000)
 ParOldGen       total 78336K, used 78228K [0x0000000080000000, 0x0000000084c80000, 0x00000000d5580000)
  object space 78336K, 99% used [0x0000000080000000,0x0000000084c65390,0x0000000084c80000)
 Metaspace       used 61102K, committed 62592K, reserved 1114112K
  class space    used 6457K, committed 7104K, reserved 1048576K
}
Event: 157.499 GC heap before
{Heap before GC invocations=119 (full 3):
 PSYoungGen      total 13824K, used 13696K [0x00000000d5580000, 0x00000000d6400000, 0x0000000100000000)
  eden space 13312K, 100% used [0x00000000d5580000,0x00000000d6280000,0x00000000d6280000)
  from space 512K, 75% used [0x00000000d6300000,0x00000000d6360000,0x00000000d6380000)
  to   space 512K, 0% used [0x00000000d6380000,0x00000000d6380000,0x00000000d6400000)
 ParOldGen       total 78336K, used 78228K [0x0000000080000000, 0x0000000084c80000, 0x00000000d5580000)
  object space 78336K, 99% used [0x0000000080000000,0x0000000084c65390,0x0000000084c80000)
 Metaspace       used 61102K, committed 62592K, reserved 1114112K
  class space    used 6457K, committed 7104K, reserved 1048576K
}
Event: 157.501 GC heap after
{Heap after GC invocations=119 (full 3):
 PSYoungGen      total 13824K, used 480K [0x00000000d5580000, 0x00000000d6400000, 0x0000000100000000)
  eden space 13312K, 0% used [0x00000000d5580000,0x00000000d5580000,0x00000000d6280000)
  from space 512K, 93% used [0x00000000d6380000,0x00000000d63f8000,0x00000000d6400000)
  to   space 512K, 0% used [0x00000000d6300000,0x00000000d6300000,0x00000000d6380000)
 ParOldGen       total 79872K, used 79292K [0x0000000080000000, 0x0000000084e00000, 0x00000000d5580000)
  object space 79872K, 99% used [0x0000000080000000,0x0000000084d6f390,0x0000000084e00000)
 Metaspace       used 61102K, committed 62592K, reserved 1114112K
  class space    used 6457K, committed 7104K, reserved 1048576K
}
Event: 157.517 GC heap before
{Heap before GC invocations=120 (full 3):
 PSYoungGen      total 13824K, used 13792K [0x00000000d5580000, 0x00000000d6400000, 0x0000000100000000)
  eden space 13312K, 100% used [0x00000000d5580000,0x00000000d6280000,0x00000000d6280000)
  from space 512K, 93% used [0x00000000d6380000,0x00000000d63f8000,0x00000000d6400000)
  to   space 512K, 0% used [0x00000000d6300000,0x00000000d6300000,0x00000000d6380000)
 ParOldGen       total 79872K, used 79292K [0x0000000080000000, 0x0000000084e00000, 0x00000000d5580000)
  object space 79872K, 99% used [0x0000000080000000,0x0000000084d6f390,0x0000000084e00000)
 Metaspace       used 61102K, committed 62592K, reserved 1114112K
  class space    used 6457K, committed 7104K, reserved 1048576K
}
Event: 157.518 GC heap after
{Heap after GC invocations=120 (full 3):
 PSYoungGen      total 13824K, used 496K [0x00000000d5580000, 0x00000000d6480000, 0x0000000100000000)
  eden space 13312K, 0% used [0x00000000d5580000,0x00000000d5580000,0x00000000d6280000)
  from space 512K, 97% used [0x00000000d6300000,0x00000000d637c298,0x00000000d6380000)
  to   space 1024K, 0% used [0x00000000d6380000,0x00000000d6380000,0x00000000d6480000)
 ParOldGen       total 79872K, used 79598K [0x0000000080000000, 0x0000000084e00000, 0x00000000d5580000)
  object space 79872K, 99% used [0x0000000080000000,0x0000000084dbbac0,0x0000000084e00000)
 Metaspace       used 61102K, committed 62592K, reserved 1114112K
  class space    used 6457K, committed 7104K, reserved 1048576K
}
Event: 157.553 GC heap before
{Heap before GC invocations=121 (full 3):
 PSYoungGen      total 13824K, used 13808K [0x00000000d5580000, 0x00000000d6480000, 0x0000000100000000)
  eden space 13312K, 100% used [0x00000000d5580000,0x00000000d6280000,0x00000000d6280000)
  from space 512K, 97% used [0x00000000d6300000,0x00000000d637c298,0x00000000d6380000)
  to   space 1024K, 0% used [0x00000000d6380000,0x00000000d6380000,0x00000000d6480000)
 ParOldGen       total 79872K, used 79598K [0x0000000080000000, 0x0000000084e00000, 0x00000000d5580000)
  object space 79872K, 99% used [0x0000000080000000,0x0000000084dbbac0,0x0000000084e00000)
 Metaspace       used 61103K, committed 62592K, reserved 1114112K
  class space    used 6457K, committed 7104K, reserved 1048576K
}
Event: 157.553 GC heap after
{Heap after GC invocations=121 (full 3):
 PSYoungGen      total 14336K, used 766K [0x00000000d5580000, 0x00000000d6480000, 0x0000000100000000)
  eden space 13312K, 0% used [0x00000000d5580000,0x00000000d5580000,0x00000000d6280000)
  from space 1024K, 74% used [0x00000000d6380000,0x00000000d643fb28,0x00000000d6480000)
  to   space 1024K, 0% used [0x00000000d6280000,0x00000000d6280000,0x00000000d6380000)
 ParOldGen       total 80384K, used 79997K [0x0000000080000000, 0x0000000084e80000, 0x00000000d5580000)
  object space 80384K, 99% used [0x0000000080000000,0x0000000084e1f680,0x0000000084e80000)
 Metaspace       used 61103K, committed 62592K, reserved 1114112K
  class space    used 6457K, committed 7104K, reserved 1048576K
}

