# JRE version: OpenJDK Runtime Environment Temurin-21.0.9+10 (21.0.9+10) (build 21.0.9+10-LTS)
# Java VM: OpenJDK 64-Bit Server VM Temurin-21.0.9+10 (21.0.9+10-LTS, mixed mode, sharing, tiered, compressed oops, compressed class ptrs, parallel gc, windows-amd64)
GC Precious Log:
 CardTable entry size: 512
 CPUs: 12 total, 12 available
 Memory: 16307M
 Large Page Support: Disabled
 NUMA Support: Disabled
 Compressed Oops: Enabled (32-bit)
 Alignments: Space 512K, Generation 512K, Heap 2M
 Heap Min Capacity: 100M
 Heap Initial Capacity: 100M
 Heap Max Capacity: 2G
 Pre-touch: Disabled
 Parallel Workers: 10
Heap:
 PSYoungGen      total 7168K, used 1006K [0x00000000d5580000, 0x00000000d5e80000, 0x0000000100000000)
  eden space 6144K, 0% used [0x00000000d5580000,0x00000000d5580000,0x00000000d5b80000)
  from space 1024K, 98% used [0x00000000d5c80000,0x00000000d5d7b830,0x00000000d5d80000)
  to   space 1024K, 0% used [0x00000000d5d80000,0x00000000d5d80000,0x00000000d5e80000)
 ParOldGen       total 220672K, used 220412K [0x0000000080000000, 0x000000008d780000, 0x00000000d5580000)
  object space 220672K, 99% used [0x0000000080000000,0x000000008d73f0f0,0x000000008d780000)
 Metaspace       used 70902K, committed 72448K, reserved 1114112K
  class space    used 7165K, committed 7872K, reserved 1048576K
GC Heap History (20 events):
Event: 119.199 GC heap after
{Heap after GC invocations=324 (full 3):
 PSYoungGen      total 7168K, used 768K [0x00000000d5580000, 0x00000000d6000000, 0x0000000100000000)
  eden space 6144K, 0% used [0x00000000d5580000,0x00000000d5580000,0x00000000d5b80000)
  from space 1024K, 75% used [0x00000000d5b80000,0x00000000d5c40020,0x00000000d5c80000)
  to   space 2048K, 0% used [0x00000000d5e00000,0x00000000d5e00000,0x00000000d6000000)
 ParOldGen       total 210432K, used 210397K [0x0000000080000000, 0x000000008cd80000, 0x00000000d5580000)
  object space 210432K, 99% used [0x0000000080000000,0x000000008cd774a0,0x000000008cd80000)
 Metaspace       used 70795K, committed 72384K, reserved 1114112K
  class space    used 7165K, committed 7872K, reserved 1048576K
}
Event: 119.217 GC heap before
{Heap before GC invocations=325 (full 3):
 PSYoungGen      total 7168K, used 6912K [0x00000000d5580000, 0x00000000d6000000, 0x0000000100000000)
  eden space 6144K, 100% used [0x00000000d5580000,0x00000000d5b80000,0x00000000d5b80000)
  from space 1024K, 75% used [0x00000000d5b80000,0x00000000d5c40020,0x00000000d5c80000)
  to   space 2048K, 0% used [0x00000000d5e00000,0x00000000d5e00000,0x00000000d6000000)
 ParOldGen       total 210432K, used 210397K [0x0000000080000000, 0x000000008cd80000, 0x00000000d5580000)
  object space 210432K, 99% used [0x0000000080000000,0x000000008cd774a0,0x000000008cd80000)
 Metaspace       used 70821K, committed 72384K, reserved 1114112K
  class space    used 7165K, committed 7872K, reserved 1048576K
}
Event: 119.219 GC heap after
{Heap after GC invocations=325 (full 3):
 PSYoungGen      total 8192K, used 1842K [0x00000000d5580000, 0x00000000d6080000, 0x0000000100000000)
  eden space 6144K, 0% used [0x00000000d5580000,0x00000000d5580000,0x00000000d5b80000)
  from space 2048K, 89% used [0x00000000d5e00000,0x00000000d5fcca00,0x00000000d6000000)
  to   space 2560K, 0% used [0x00000000d5b80000,0x00000000d5b80000,0x00000000d5e00000)
 ParOldGen       total 211456K, used 211008K [0x0000000080000000, 0x000000008ce80000, 0x00000000d5580000)
  object space 211456K, 99% used [0x0000000080000000,0x000000008ce102c8,0x000000008ce80000)
 Metaspace       used 70821K, committed 72384K, reserved 1114112K
  class space    used 7165K, committed 7872K, reserved 1048576K
}
Event: 119.238 GC heap before
{Heap before GC invocations=326 (full 3):
 PSYoungGen      total 8192K, used 7986K [0x00000000d5580000, 0x00000000d6080000, 0x0000000100000000)
  eden space 6144K, 100% used [0x00000000d5580000,0x00000000d5b80000,0x00000000d5b80000)
  from space 2048K, 89% used [0x00000000d5e00000,0x00000000d5fcca00,0x00000000d6000000)
  to   space 2560K, 0% used [0x00000000d5b80000,0x00000000d5b80000,0x00000000d5e00000)
 ParOldGen       total 211456K, used 211008K [0x0000000080000000, 0x000000008ce80000, 0x00000000d5580000)
  object space 211456K, 99% used [0x0000000080000000,0x000000008ce102c8,0x000000008ce80000)
 Metaspace       used 70845K, committed 72384K, reserved 1114112K
  class space    used 7165K, committed 7872K, reserved 1048576K
}
Event: 119.239 GC heap after
{Heap after GC invocations=326 (full 3):
 PSYoungGen      total 7680K, used 1409K [0x00000000d5580000, 0x00000000d5f80000, 0x0000000100000000)
  eden space 6144K, 0% used [0x00000000d5580000,0x00000000d5580000,0x00000000d5b80000)
  from space 1536K, 91% used [0x00000000d5b80000,0x00000000d5ce07e8,0x00000000d5d00000)
  to   space 2048K, 0% used [0x00000000d5d80000,0x00000000d5d80000,0x00000000d5f80000)
 ParOldGen       total 212992K, used 212794K [0x0000000080000000, 0x000000008d000000, 0x00000000d5580000)
  object space 212992K, 99% used [0x0000000080000000,0x000000008cfce938,0x000000008d000000)
 Metaspace       used 70845K, committed 72384K, reserved 1114112K
  class space    used 7165K, committed 7872K, reserved 1048576K
}
Event: 119.250 GC heap before
{Heap before GC invocations=327 (full 3):
 PSYoungGen      total 7680K, used 7553K [0x00000000d5580000, 0x00000000d5f80000, 0x0000000100000000)
  eden space 6144K, 100% used [0x00000000d5580000,0x00000000d5b80000,0x00000000d5b80000)
  from space 1536K, 91% used [0x00000000d5b80000,0x00000000d5ce07e8,0x00000000d5d00000)
  to   space 2048K, 0% used [0x00000000d5d80000,0x00000000d5d80000,0x00000000d5f80000)
 ParOldGen       total 212992K, used 212794K [0x0000000080000000, 0x000000008d000000, 0x00000000d5580000)
  object space 212992K, 99% used [0x0000000080000000,0x000000008cfce938,0x000000008d000000)
 Metaspace       used 70847K, committed 72384K, reserved 1114112K
  class space    used 7165K, committed 7872K, reserved 1048576K
}
Event: 119.252 GC heap after
{Heap after GC invocations=327 (full 3):
 PSYoungGen      total 7168K, used 882K [0x00000000d5580000, 0x00000000d5e80000, 0x0000000100000000)
  eden space 6144K, 0% used [0x00000000d5580000,0x00000000d5580000,0x00000000d5b80000)
  from space 1024K, 86% used [0x00000000d5d80000,0x00000000d5e5c9a8,0x00000000d5e80000)
  to   space 1536K, 0% used [0x00000000d5b80000,0x00000000d5b80000,0x00000000d5d00000)
 ParOldGen       total 214528K, used 214033K [0x0000000080000000, 0x000000008d180000, 0x00000000d5580000)
  object space 214528K, 99% used [0x0000000080000000,0x000000008d104668,0x000000008d180000)
 Metaspace       used 70847K, committed 72384K, reserved 1114112K
  class space    used 7165K, committed 7872K, reserved 1048576K
}
Event: 119.264 GC heap before
{Heap before GC invocations=328 (full 3):
 PSYoungGen      total 7168K, used 7026K [0x00000000d5580000, 0x00000000d5e80000, 0x0000000100000000)
  eden space 6144K, 100% used [0x00000000d5580000,0x00000000d5b80000,0x00000000d5b80000)
  from space 1024K, 86% used [0x00000000d5d80000,0x00000000d5e5c9a8,0x00000000d5e80000)
  to   space 1536K, 0% used [0x00000000d5b80000,0x00000000d5b80000,0x00000000d5d00000)
 ParOldGen       total 214528K, used 214033K [0x0000000080000000, 0x000000008d180000, 0x00000000d5580000)
  object space 214528K, 99% used [0x0000000080000000,0x000000008d104668,0x000000008d180000)
 Metaspace       used 70847K, committed 72384K, reserved 1114112K
  class space    used 7165K, committed 7872K, reserved 1048576K
}
Event: 119.265 GC heap after
{Heap after GC invocations=328 (full 3):
 PSYoungGen      total 7680K, used 1129K [0x00000000d5580000, 0x00000000d5e80000, 0x0000000100000000)
  eden space 6144K, 0% used [0x00000000d5580000,0x00000000d5580000,0x00000000d5b80000)
  from space 1536K, 73% used [0x00000000d5b80000,0x00000000d5c9a600,0x00000000d5d00000)
  to   space 1536K, 0% used [0x00000000d5d00000,0x00000000d5d00000,0x00000000d5e80000)
 ParOldGen       total 215040K, used 214774K [0x0000000080000000, 0x000000008d200000, 0x00000000d5580000)
  object space 215040K, 99% used [0x0000000080000000,0x000000008d1bda88,0x000000008d200000)
 Metaspace       used 70847K, committed 72384K, reserved 1114112K
  class space    used 7165K, committed 7872K, reserved 1048576K
}
Event: 119.272 GC heap before
{Heap before GC invocations=329 (full 3):
 PSYoungGen      total 7680K, used 7273K [0x00000000d5580000, 0x00000000d5e80000, 0x0000000100000000)
  eden space 6144K, 100% used [0x00000000d5580000,0x00000000d5b80000,0x00000000d5b80000)
  from space 1536K, 73% used [0x00000000d5b80000,0x00000000d5c9a600,0x00000000d5d00000)
  to   space 1536K, 0% used [0x00000000d5d00000,0x00000000d5d00000,0x00000000d5e80000)
 ParOldGen       total 215040K, used 214774K [0x0000000080000000, 0x000000008d200000, 0x00000000d5580000)
  object space 215040K, 99% used [0x0000000080000000,0x000000008d1bda88,0x000000008d200000)
 Metaspace       used 70847K, committed 72384K, reserved 1114112K
  class space    used 7165K, committed 7872K, reserved 1048576K
}
Event: 119.273 GC heap after
{Heap after GC invocations=329 (full 3):
 PSYoungGen      total 7168K, used 676K [0x00000000d5580000, 0x00000000d5e00000, 0x0000000100000000)
  eden space 6144K, 0% used [0x00000000d5580000,0x00000000d5580000,0x00000000d5b80000)
  from space 1024K, 66% used [0x00000000d5d00000,0x00000000d5da9068,0x00000000d5e00000)
  to   space 1024K, 0% used [0x00000000d5c00000,0x00000000d5c00000,0x00000000d5d00000)
 ParOldGen       total 216064K, used 215788K [0x0000000080000000, 0x000000008d300000, 0x00000000d5580000)
  object space 216064K, 99% used [0x0000000080000000,0x000000008d2bb340,0x000000008d300000)
 Metaspace       used 70847K, committed 72384K, reserved 1114112K
  class space    used 7165K, committed 7872K, reserved 1048576K
}
Event: 119.291 GC heap before
{Heap before GC invocations=330 (full 3):
 PSYoungGen      total 7168K, used 6820K [0x00000000d5580000, 0x00000000d5e00000, 0x0000000100000000)
  eden space 6144K, 100% used [0x00000000d5580000,0x00000000d5b80000,0x00000000d5b80000)
  from space 1024K, 66% used [0x00000000d5d00000,0x00000000d5da9068,0x00000000d5e00000)
  to   space 1024K, 0% used [0x00000000d5c00000,0x00000000d5c00000,0x00000000d5d00000)
 ParOldGen       total 216064K, used 215788K [0x0000000080000000, 0x000000008d300000, 0x00000000d5580000)
  object space 216064K, 99% used [0x0000000080000000,0x000000008d2bb340,0x000000008d300000)
 Metaspace       used 70869K, committed 72384K, reserved 1114112K
  class space    used 7165K, committed 7872K, reserved 1048576K
}
Event: 119.293 GC heap after
{Heap after GC invocations=330 (full 3):
 PSYoungGen      total 7168K, used 1017K [0x00000000d5580000, 0x00000000d6080000, 0x0000000100000000)
  eden space 6144K, 0% used [0x00000000d5580000,0x00000000d5580000,0x00000000d5b80000)
  from space 1024K, 99% used [0x00000000d5c00000,0x00000000d5cfe590,0x00000000d5d00000)
  to   space 2560K, 0% used [0x00000000d5e00000,0x00000000d5e00000,0x00000000d6080000)
 ParOldGen       total 217088K, used 216863K [0x0000000080000000, 0x000000008d400000, 0x00000000d5580000)
  object space 217088K, 99% used [0x0000000080000000,0x000000008d3c7d98,0x000000008d400000)
 Metaspace       used 70869K, committed 72384K, reserved 1114112K
  class space    used 7165K, committed 7872K, reserved 1048576K
}
Event: 119.304 GC heap before
{Heap before GC invocations=331 (full 3):
 PSYoungGen      total 7168K, used 7161K [0x00000000d5580000, 0x00000000d6080000, 0x0000000100000000)
  eden space 6144K, 100% used [0x00000000d5580000,0x00000000d5b80000,0x00000000d5b80000)
  from space 1024K, 99% used [0x00000000d5c00000,0x00000000d5cfe590,0x00000000d5d00000)
  to   space 2560K, 0% used [0x00000000d5e00000,0x00000000d5e00000,0x00000000d6080000)
 ParOldGen       total 217088K, used 216863K [0x0000000080000000, 0x000000008d400000, 0x00000000d5580000)
  object space 217088K, 99% used [0x0000000080000000,0x000000008d3c7d98,0x000000008d400000)
 Metaspace       used 70875K, committed 72448K, reserved 1114112K
  class space    used 7165K, committed 7872K, reserved 1048576K
}
Event: 119.305 GC heap after
{Heap after GC invocations=331 (full 3):
 PSYoungGen      total 7168K, used 951K [0x00000000d5580000, 0x00000000d5f00000, 0x0000000100000000)
  eden space 6144K, 0% used [0x00000000d5580000,0x00000000d5580000,0x00000000d5b80000)
  from space 1024K, 92% used [0x00000000d5e00000,0x00000000d5eedef0,0x00000000d5f00000)
  to   space 1536K, 0% used [0x00000000d5c00000,0x00000000d5c00000,0x00000000d5d80000)
 ParOldGen       total 218112K, used 217919K [0x0000000080000000, 0x000000008d500000, 0x00000000d5580000)
  object space 218112K, 99% used [0x0000000080000000,0x000000008d4cffd0,0x000000008d500000)
 Metaspace       used 70875K, committed 72448K, reserved 1114112K
  class space    used 7165K, committed 7872K, reserved 1048576K
}
Event: 119.326 GC heap before
{Heap before GC invocations=332 (full 3):
 PSYoungGen      total 7168K, used 7082K [0x00000000d5580000, 0x00000000d5f00000, 0x0000000100000000)
  eden space 6144K, 99% used [0x00000000d5580000,0x00000000d5b7c988,0x00000000d5b80000)
  from space 1024K, 92% used [0x00000000d5e00000,0x00000000d5eedef0,0x00000000d5f00000)
  to   space 1536K, 0% used [0x00000000d5c00000,0x00000000d5c00000,0x00000000d5d80000)
 ParOldGen       total 218112K, used 217919K [0x0000000080000000, 0x000000008d500000, 0x00000000d5580000)
  object space 218112K, 99% used [0x0000000080000000,0x000000008d4cffd0,0x000000008d500000)
 Metaspace       used 70892K, committed 72448K, reserved 1114112K
  class space    used 7165K, committed 7872K, reserved 1048576K
}
Event: 119.327 GC heap after
{Heap after GC invocations=332 (full 3):
 PSYoungGen      total 7680K, used 1060K [0x00000000d5580000, 0x00000000d5e80000, 0x0000000100000000)
  eden space 6144K, 0% used [0x00000000d5580000,0x00000000d5580000,0x00000000d5b80000)
  from space 1536K, 69% used [0x00000000d5c00000,0x00000000d5d09188,0x00000000d5d80000)
  to   space 1024K, 0% used [0x00000000d5d80000,0x00000000d5d80000,0x00000000d5e80000)
 ParOldGen       total 219136K, used 218649K [0x0000000080000000, 0x000000008d600000, 0x00000000d5580000)
  object space 219136K, 99% used [0x0000000080000000,0x000000008d5865e8,0x000000008d600000)
 Metaspace       used 70892K, committed 72448K, reserved 1114112K
  class space    used 7165K, committed 7872K, reserved 1048576K
}
Event: 119.336 GC heap before
{Heap before GC invocations=333 (full 3):
 PSYoungGen      total 7680K, used 7204K [0x00000000d5580000, 0x00000000d5e80000, 0x0000000100000000)
  eden space 6144K, 100% used [0x00000000d5580000,0x00000000d5b80000,0x00000000d5b80000)
  from space 1536K, 69% used [0x00000000d5c00000,0x00000000d5d09188,0x00000000d5d80000)
  to   space 1024K, 0% used [0x00000000d5d80000,0x00000000d5d80000,0x00000000d5e80000)
 ParOldGen       total 219136K, used 218649K [0x0000000080000000, 0x000000008d600000, 0x00000000d5580000)
  object space 219136K, 99% used [0x0000000080000000,0x000000008d5865e8,0x000000008d600000)
 Metaspace       used 70901K, committed 72448K, reserved 1114112K
  class space    used 7165K, committed 7872K, reserved 1048576K
}
Event: 119.337 GC heap after
{Heap after GC invocations=333 (full 3):
 PSYoungGen      total 7168K, used 841K [0x00000000d5580000, 0x00000000d5e80000, 0x0000000100000000)
  eden space 6144K, 0% used [0x00000000d5580000,0x00000000d5580000,0x00000000d5b80000)
  from space 1024K, 82% used [0x00000000d5d80000,0x00000000d5e52640,0x00000000d5e80000)
  to   space 1024K, 0% used [0x00000000d5c80000,0x00000000d5c80000,0x00000000d5d80000)
 ParOldGen       total 219648K, used 219631K [0x0000000080000000, 0x000000008d680000, 0x00000000d5580000)
  object space 219648K, 99% used [0x0000000080000000,0x000000008d67bc90,0x000000008d680000)
 Metaspace       used 70901K, committed 72448K, reserved 1114112K
  class space    used 7165K, committed 7872K, reserved 1048576K
}
Event: 119.350 GC heap before
{Heap before GC invocations=334 (full 3):
 PSYoungGen      total 7168K, used 6985K [0x00000000d5580000, 0x00000000d5e80000, 0x0000000100000000)
  eden space 6144K, 100% used [0x00000000d5580000,0x00000000d5b80000,0x00000000d5b80000)
  from space 1024K, 82% used [0x00000000d5d80000,0x00000000d5e52640,0x00000000d5e80000)
  to   space 1024K, 0% used [0x00000000d5c80000,0x00000000d5c80000,0x00000000d5d80000)
 ParOldGen       total 219648K, used 219631K [0x0000000080000000, 0x000000008d680000, 0x00000000d5580000)
  object space 219648K, 99% used [0x0000000080000000,0x000000008d67bc90,0x000000008d680000)
 Metaspace       used 70902K, committed 72448K, reserved 1114112K
  class space    used 7165K, committed 7872K, reserved 1048576K
}

