# JRE version: OpenJDK Runtime Environment Temurin-21.0.9+10 (21.0.9+10) (build 21.0.9+10-LTS)
# Java VM: OpenJDK 64-Bit Server VM Temurin-21.0.9+10 (21.0.9+10-LTS, mixed mode, sharing, tiered, compressed oops, compressed class ptrs, parallel gc, windows-amd64)
GC Precious Log:
 CardTable entry size: 512
 CPUs: 12 total, 12 available
 Memory: 16307M
 Large Page Support: Disabled
 NUMA Support: Disabled
 Compressed Oops: Enabled (32-bit)
 Alignments: Space 512K, Generation 512K, Heap 2M
 Heap Min Capacity: 100M
 Heap Initial Capacity: 100M
 Heap Max Capacity: 2G
 Pre-touch: Disabled
 Parallel Workers: 10
Heap:
 PSYoungGen      total 12800K, used 3655K [0x00000000d5580000, 0x00000000d6600000, 0x0000000100000000)
  eden space 11264K, 22% used [0x00000000d5580000,0x00000000d5801d08,0x00000000d6080000)
  from space 1536K, 70% used [0x00000000d6480000,0x00000000d6590000,0x00000000d6600000)
  to   space 1536K, 0% used [0x00000000d6300000,0x00000000d6300000,0x00000000d6480000)
 ParOldGen       total 68608K, used 54171K [0x0000000080000000, 0x0000000084300000, 0x00000000d5580000)
  object space 68608K, 78% used [0x0000000080000000,0x00000000834e6ed8,0x0000000084300000)
 Metaspace       used 53553K, committed 54784K, reserved 1114112K
  class space    used 5906K, committed 6464K, reserved 1048576K
GC Heap History (20 events):
Event: 14.656 GC heap before
{Heap before GC invocations=35 (full 2):
 PSYoungGen      total 12288K, used 12256K [0x00000000d5580000, 0x00000000d6900000, 0x0000000100000000)
  eden space 11264K, 100% used [0x00000000d5580000,0x00000000d6080000,0x00000000d6080000)
  from space 1024K, 96% used [0x00000000d6800000,0x00000000d68f8010,0x00000000d6900000)
  to   space 2560K, 0% used [0x00000000d6400000,0x00000000d6400000,0x00000000d6680000)
 ParOldGen       total 68608K, used 43430K [0x0000000080000000, 0x0000000084300000, 0x00000000d5580000)
  object space 68608K, 63% used [0x0000000080000000,0x0000000082a698d8,0x0000000084300000)
 Metaspace       used 53392K, committed 54656K, reserved 1114112K
  class space    used 5895K, committed 6464K, reserved 1048576K
}
Event: 14.657 GC heap after
{Heap after GC invocations=35 (full 2):
 PSYoungGen      total 13824K, used 1442K [0x00000000d5580000, 0x00000000d6880000, 0x0000000100000000)
  eden space 11264K, 0% used [0x00000000d5580000,0x00000000d5580000,0x00000000d6080000)
  from space 2560K, 56% used [0x00000000d6400000,0x00000000d6568810,0x00000000d6680000)
  to   space 2048K, 0% used [0x00000000d6680000,0x00000000d6680000,0x00000000d6880000)
 ParOldGen       total 68608K, used 44422K [0x0000000080000000, 0x0000000084300000, 0x00000000d5580000)
  object space 68608K, 64% used [0x0000000080000000,0x0000000082b618e8,0x0000000084300000)
 Metaspace       used 53392K, committed 54656K, reserved 1114112K
  class space    used 5895K, committed 6464K, reserved 1048576K
}
Event: 14.668 GC heap before
{Heap before GC invocations=36 (full 2):
 PSYoungGen      total 13824K, used 12706K [0x00000000d5580000, 0x00000000d6880000, 0x0000000100000000)
  eden space 11264K, 100% used [0x00000000d5580000,0x00000000d6080000,0x00000000d6080000)
  from space 2560K, 56% used [0x00000000d6400000,0x00000000d6568810,0x00000000d6680000)
  to   space 2048K, 0% used [0x00000000d6680000,0x00000000d6680000,0x00000000d6880000)
 ParOldGen       total 68608K, used 44422K [0x0000000080000000, 0x0000000084300000, 0x00000000d5580000)
  object space 68608K, 64% used [0x0000000080000000,0x0000000082b618e8,0x0000000084300000)
 Metaspace       used 53399K, committed 54656K, reserved 1114112K
  class space    used 5895K, committed 6464K, reserved 1048576K
}
Event: 14.668 GC heap after
{Heap after GC invocations=36 (full 2):
 PSYoungGen      total 12800K, used 1216K [0x00000000d5580000, 0x00000000d6800000, 0x0000000100000000)
  eden space 11264K, 0% used [0x00000000d5580000,0x00000000d5580000,0x00000000d6080000)
  from space 1536K, 79% used [0x00000000d6680000,0x00000000d67b0010,0x00000000d6800000)
  to   space 1536K, 0% used [0x00000000d6500000,0x00000000d6500000,0x00000000d6680000)
 ParOldGen       total 68608K, used 45732K [0x0000000080000000, 0x0000000084300000, 0x00000000d5580000)
  object space 68608K, 66% used [0x0000000080000000,0x0000000082ca9208,0x0000000084300000)
 Metaspace       used 53399K, committed 54656K, reserved 1114112K
  class space    used 5895K, committed 6464K, reserved 1048576K
}
Event: 14.678 GC heap before
{Heap before GC invocations=37 (full 2):
 PSYoungGen      total 12800K, used 12480K [0x00000000d5580000, 0x00000000d6800000, 0x0000000100000000)
  eden space 11264K, 100% used [0x00000000d5580000,0x00000000d6080000,0x00000000d6080000)
  from space 1536K, 79% used [0x00000000d6680000,0x00000000d67b0010,0x00000000d6800000)
  to   space 1536K, 0% used [0x00000000d6500000,0x00000000d6500000,0x00000000d6680000)
 ParOldGen       total 68608K, used 45732K [0x0000000080000000, 0x0000000084300000, 0x00000000d5580000)
  object space 68608K, 66% used [0x0000000080000000,0x0000000082ca9208,0x0000000084300000)
 Metaspace       used 53404K, committed 54656K, reserved 1114112K
  class space    used 5895K, committed 6464K, reserved 1048576K
}
Event: 14.679 GC heap after
{Heap after GC invocations=37 (full 2):
 PSYoungGen      total 12800K, used 1152K [0x00000000d5580000, 0x00000000d6700000, 0x0000000100000000)
  eden space 11264K, 0% used [0x00000000d5580000,0x00000000d5580000,0x00000000d6080000)
  from space 1536K, 75% used [0x00000000d6500000,0x00000000d6620000,0x00000000d6680000)
  to   space 512K, 0% used [0x00000000d6680000,0x00000000d6680000,0x00000000d6700000)
 ParOldGen       total 68608K, used 46828K [0x0000000080000000, 0x0000000084300000, 0x00000000d5580000)
  object space 68608K, 68% used [0x0000000080000000,0x0000000082dbb218,0x0000000084300000)
 Metaspace       used 53404K, committed 54656K, reserved 1114112K
  class space    used 5895K, committed 6464K, reserved 1048576K
}
Event: 14.696 GC heap before
{Heap before GC invocations=38 (full 2):
 PSYoungGen      total 12800K, used 12416K [0x00000000d5580000, 0x00000000d6700000, 0x0000000100000000)
  eden space 11264K, 100% used [0x00000000d5580000,0x00000000d6080000,0x00000000d6080000)
  from space 1536K, 75% used [0x00000000d6500000,0x00000000d6620000,0x00000000d6680000)
  to   space 512K, 0% used [0x00000000d6680000,0x00000000d6680000,0x00000000d6700000)
 ParOldGen       total 68608K, used 46828K [0x0000000080000000, 0x0000000084300000, 0x00000000d5580000)
  object space 68608K, 68% used [0x0000000080000000,0x0000000082dbb218,0x0000000084300000)
 Metaspace       used 53420K, committed 54720K, reserved 1114112K
  class space    used 5895K, committed 6464K, reserved 1048576K
}
Event: 14.697 GC heap after
{Heap after GC invocations=38 (full 2):
 PSYoungGen      total 11776K, used 512K [0x00000000d5580000, 0x00000000d6700000, 0x0000000100000000)
  eden space 11264K, 0% used [0x00000000d5580000,0x00000000d5580000,0x00000000d6080000)
  from space 512K, 100% used [0x00000000d6680000,0x00000000d6700000,0x00000000d6700000)
  to   space 2560K, 0% used [0x00000000d6200000,0x00000000d6200000,0x00000000d6480000)
 ParOldGen       total 68608K, used 48412K [0x0000000080000000, 0x0000000084300000, 0x00000000d5580000)
  object space 68608K, 70% used [0x0000000080000000,0x0000000082f47218,0x0000000084300000)
 Metaspace       used 53420K, committed 54720K, reserved 1114112K
  class space    used 5895K, committed 6464K, reserved 1048576K
}
Event: 14.711 GC heap before
{Heap before GC invocations=39 (full 2):
 PSYoungGen      total 11776K, used 11776K [0x00000000d5580000, 0x00000000d6700000, 0x0000000100000000)
  eden space 11264K, 100% used [0x00000000d5580000,0x00000000d6080000,0x00000000d6080000)
  from space 512K, 100% used [0x00000000d6680000,0x00000000d6700000,0x00000000d6700000)
  to   space 2560K, 0% used [0x00000000d6200000,0x00000000d6200000,0x00000000d6480000)
 ParOldGen       total 68608K, used 48412K [0x0000000080000000, 0x0000000084300000, 0x00000000d5580000)
  object space 68608K, 70% used [0x0000000080000000,0x0000000082f47218,0x0000000084300000)
 Metaspace       used 53423K, committed 54720K, reserved 1114112K
  class space    used 5895K, committed 6464K, reserved 1048576K
}
Event: 14.712 GC heap after
{Heap after GC invocations=39 (full 2):
 PSYoungGen      total 13824K, used 1220K [0x00000000d5580000, 0x00000000d6700000, 0x0000000100000000)
  eden space 11264K, 0% used [0x00000000d5580000,0x00000000d5580000,0x00000000d6080000)
  from space 2560K, 47% used [0x00000000d6200000,0x00000000d6331000,0x00000000d6480000)
  to   space 1536K, 0% used [0x00000000d6580000,0x00000000d6580000,0x00000000d6700000)
 ParOldGen       total 68608K, used 48970K [0x0000000080000000, 0x0000000084300000, 0x00000000d5580000)
  object space 68608K, 71% used [0x0000000080000000,0x0000000082fd2bc8,0x0000000084300000)
 Metaspace       used 53423K, committed 54720K, reserved 1114112K
  class space    used 5895K, committed 6464K, reserved 1048576K
}
Event: 14.724 GC heap before
{Heap before GC invocations=40 (full 2):
 PSYoungGen      total 13824K, used 12484K [0x00000000d5580000, 0x00000000d6700000, 0x0000000100000000)
  eden space 11264K, 100% used [0x00000000d5580000,0x00000000d6080000,0x00000000d6080000)
  from space 2560K, 47% used [0x00000000d6200000,0x00000000d6331000,0x00000000d6480000)
  to   space 1536K, 0% used [0x00000000d6580000,0x00000000d6580000,0x00000000d6700000)
 ParOldGen       total 68608K, used 48970K [0x0000000080000000, 0x0000000084300000, 0x00000000d5580000)
  object space 68608K, 71% used [0x0000000080000000,0x0000000082fd2bc8,0x0000000084300000)
 Metaspace       used 53425K, committed 54720K, reserved 1114112K
  class space    used 5895K, committed 6464K, reserved 1048576K
}
Event: 14.725 GC heap after
{Heap after GC invocations=40 (full 2):
 PSYoungGen      total 12800K, used 1088K [0x00000000d5580000, 0x00000000d6700000, 0x0000000100000000)
  eden space 11264K, 0% used [0x00000000d5580000,0x00000000d5580000,0x00000000d6080000)
  from space 1536K, 70% used [0x00000000d6580000,0x00000000d6690000,0x00000000d6700000)
  to   space 1536K, 0% used [0x00000000d6400000,0x00000000d6400000,0x00000000d6580000)
 ParOldGen       total 68608K, used 50107K [0x0000000080000000, 0x0000000084300000, 0x00000000d5580000)
  object space 68608K, 73% used [0x0000000080000000,0x00000000830eecc8,0x0000000084300000)
 Metaspace       used 53425K, committed 54720K, reserved 1114112K
  class space    used 5895K, committed 6464K, reserved 1048576K
}
Event: 14.741 GC heap before
{Heap before GC invocations=41 (full 2):
 PSYoungGen      total 12800K, used 12352K [0x00000000d5580000, 0x00000000d6700000, 0x0000000100000000)
  eden space 11264K, 100% used [0x00000000d5580000,0x00000000d6080000,0x00000000d6080000)
  from space 1536K, 70% used [0x00000000d6580000,0x00000000d6690000,0x00000000d6700000)
  to   space 1536K, 0% used [0x00000000d6400000,0x00000000d6400000,0x00000000d6580000)
 ParOldGen       total 68608K, used 50107K [0x0000000080000000, 0x0000000084300000, 0x00000000d5580000)
  object space 68608K, 73% used [0x0000000080000000,0x00000000830eecc8,0x0000000084300000)
 Metaspace       used 53429K, committed 54720K, reserved 1114112K
  class space    used 5895K, committed 6464K, reserved 1048576K
}
Event: 14.742 GC heap after
{Heap after GC invocations=41 (full 2):
 PSYoungGen      total 12800K, used 1312K [0x00000000d5580000, 0x00000000d6600000, 0x0000000100000000)
  eden space 11264K, 0% used [0x00000000d5580000,0x00000000d5580000,0x00000000d6080000)
  from space 1536K, 85% used [0x00000000d6400000,0x00000000d6548010,0x00000000d6580000)
  to   space 512K, 0% used [0x00000000d6580000,0x00000000d6580000,0x00000000d6600000)
 ParOldGen       total 68608K, used 51051K [0x0000000080000000, 0x0000000084300000, 0x00000000d5580000)
  object space 68608K, 74% used [0x0000000080000000,0x00000000831dacc8,0x0000000084300000)
 Metaspace       used 53429K, committed 54720K, reserved 1114112K
  class space    used 5895K, committed 6464K, reserved 1048576K
}
Event: 14.768 GC heap before
{Heap before GC invocations=42 (full 2):
 PSYoungGen      total 12800K, used 12576K [0x00000000d5580000, 0x00000000d6600000, 0x0000000100000000)
  eden space 11264K, 100% used [0x00000000d5580000,0x00000000d6080000,0x00000000d6080000)
  from space 1536K, 85% used [0x00000000d6400000,0x00000000d6548010,0x00000000d6580000)
  to   space 512K, 0% used [0x00000000d6580000,0x00000000d6580000,0x00000000d6600000)
 ParOldGen       total 68608K, used 51051K [0x0000000080000000, 0x0000000084300000, 0x00000000d5580000)
  object space 68608K, 74% used [0x0000000080000000,0x00000000831dacc8,0x0000000084300000)
 Metaspace       used 53448K, committed 54720K, reserved 1114112K
  class space    used 5896K, committed 6464K, reserved 1048576K
}
Event: 14.769 GC heap after
{Heap after GC invocations=42 (full 2):
 PSYoungGen      total 11776K, used 512K [0x00000000d5580000, 0x00000000d6600000, 0x0000000100000000)
  eden space 11264K, 0% used [0x00000000d5580000,0x00000000d5580000,0x00000000d6080000)
  from space 512K, 100% used [0x00000000d6580000,0x00000000d6600000,0x00000000d6600000)
  to   space 2560K, 0% used [0x00000000d6100000,0x00000000d6100000,0x00000000d6380000)
 ParOldGen       total 68608K, used 52651K [0x0000000080000000, 0x0000000084300000, 0x00000000d5580000)
  object space 68608K, 76% used [0x0000000080000000,0x000000008336acd8,0x0000000084300000)
 Metaspace       used 53448K, committed 54720K, reserved 1114112K
  class space    used 5896K, committed 6464K, reserved 1048576K
}
Event: 14.785 GC heap before
{Heap before GC invocations=43 (full 2):
 PSYoungGen      total 11776K, used 11776K [0x00000000d5580000, 0x00000000d6600000, 0x0000000100000000)
  eden space 11264K, 100% used [0x00000000d5580000,0x00000000d6080000,0x00000000d6080000)
  from space 512K, 100% used [0x00000000d6580000,0x00000000d6600000,0x00000000d6600000)
  to   space 2560K, 0% used [0x00000000d6100000,0x00000000d6100000,0x00000000d6380000)
 ParOldGen       total 68608K, used 52651K [0x0000000080000000, 0x0000000084300000, 0x00000000d5580000)
  object space 68608K, 76% used [0x0000000080000000,0x000000008336acd8,0x0000000084300000)
 Metaspace       used 53460K, committed 54720K, reserved 1114112K
  class space    used 5896K, committed 6464K, reserved 1048576K
}
Event: 14.786 GC heap after
{Heap after GC invocations=43 (full 2):
 PSYoungGen      total 13824K, used 1144K [0x00000000d5580000, 0x00000000d6600000, 0x0000000100000000)
  eden space 11264K, 0% used [0x00000000d5580000,0x00000000d5580000,0x00000000d6080000)
  from space 2560K, 44% used [0x00000000d6100000,0x00000000d621e200,0x00000000d6380000)
  to   space 1536K, 0% used [0x00000000d6480000,0x00000000d6480000,0x00000000d6600000)
 ParOldGen       total 68608K, used 53203K [0x0000000080000000, 0x0000000084300000, 0x00000000d5580000)
  object space 68608K, 77% used [0x0000000080000000,0x00000000833f4cd8,0x0000000084300000)
 Metaspace       used 53460K, committed 54720K, reserved 1114112K
  class space    used 5896K, committed 6464K, reserved 1048576K
}
Event: 14.798 GC heap before
{Heap before GC invocations=44 (full 2):
 PSYoungGen      total 13824K, used 12408K [0x00000000d5580000, 0x00000000d6600000, 0x0000000100000000)
  eden space 11264K, 100% used [0x00000000d5580000,0x00000000d6080000,0x00000000d6080000)
  from space 2560K, 44% used [0x00000000d6100000,0x00000000d621e200,0x00000000d6380000)
  to   space 1536K, 0% used [0x00000000d6480000,0x00000000d6480000,0x00000000d6600000)
 ParOldGen       total 68608K, used 53203K [0x0000000080000000, 0x0000000084300000, 0x00000000d5580000)
  object space 68608K, 77% used [0x0000000080000000,0x00000000833f4cd8,0x0000000084300000)
 Metaspace       used 53464K, committed 54720K, reserved 1114112K
  class space    used 5896K, committed 6464K, reserved 1048576K
}
Event: 14.799 GC heap after
{Heap after GC invocations=44 (full 2):
 PSYoungGen      total 12800K, used 1088K [0x00000000d5580000, 0x00000000d6600000, 0x0000000100000000)
  eden space 11264K, 0% used [0x00000000d5580000,0x00000000d5580000,0x00000000d6080000)
  from space 1536K, 70% used [0x00000000d6480000,0x00000000d6590000,0x00000000d6600000)
  to   space 1536K, 0% used [0x00000000d6300000,0x00000000d6300000,0x00000000d6480000)
 ParOldGen       total 68608K, used 54171K [0x0000000080000000, 0x0000000084300000, 0x00000000d5580000)
  object space 68608K, 78% used [0x0000000080000000,0x00000000834e6ed8,0x0000000084300000)
 Metaspace       used 53464K, committed 54720K, reserved 1114112K
  class space    used 5896K, committed 6464K, reserved 1048576K
}

