# JRE version: OpenJDK Runtime Environment Temurin-21.0.9+10 (21.0.9+10) (build 21.0.9+10-LTS)
# Java VM: OpenJDK 64-Bit Server VM Temurin-21.0.9+10 (21.0.9+10-LTS, mixed mode, sharing, tiered, compressed oops, compressed class ptrs, parallel gc, windows-amd64)
GC Precious Log:
 CardTable entry size: 512
 CPUs: 12 total, 12 available
 Memory: 16307M
 Large Page Support: Disabled
 NUMA Support: Disabled
 Compressed Oops: Enabled (32-bit)
 Alignments: Space 512K, Generation 512K, Heap 2M
 Heap Min Capacity: 100M
 Heap Initial Capacity: 100M
 Heap Max Capacity: 2G
 Pre-touch: Disabled
 Parallel Workers: 10
Heap:
 PSYoungGen      total 11264K, used 4107K [0x00000000d5580000, 0x00000000d6280000, 0x0000000100000000)
  eden space 10240K, 35% used [0x00000000d5580000,0x00000000d590ad80,0x00000000d5f80000)
  from space 1024K, 46% used [0x00000000d6080000,0x00000000d60f8020,0x00000000d6180000)
  to   space 512K, 0% used [0x00000000d6200000,0x00000000d6200000,0x00000000d6280000)
 ParOldGen       total 68608K, used 60033K [0x0000000080000000, 0x0000000084300000, 0x00000000d5580000)
  object space 68608K, 87% used [0x0000000080000000,0x0000000083aa05e0,0x0000000084300000)
 Metaspace       used 57107K, committed 58432K, reserved 1114112K
  class space    used 6178K, committed 6784K, reserved 1048576K
GC Heap History (20 events):
Event: 7.011 GC heap before
{Heap before GC invocations=48 (full 2):
 PSYoungGen      total 11776K, used 11351K [0x00000000d5580000, 0x00000000d6400000, 0x0000000100000000)
  eden space 10240K, 100% used [0x00000000d5580000,0x00000000d5f80000,0x00000000d5f80000)
  from space 1536K, 72% used [0x00000000d6100000,0x00000000d6215f68,0x00000000d6280000)
  to   space 1536K, 0% used [0x00000000d6280000,0x00000000d6280000,0x00000000d6400000)
 ParOldGen       total 68608K, used 57822K [0x0000000080000000, 0x0000000084300000, 0x00000000d5580000)
  object space 68608K, 84% used [0x0000000080000000,0x00000000838779a0,0x0000000084300000)
 Metaspace       used 50946K, committed 52224K, reserved 1114112K
  class space    used 5570K, committed 6080K, reserved 1048576K
}
Event: 7.012 GC heap after
{Heap after GC invocations=48 (full 2):
 PSYoungGen      total 11264K, used 937K [0x00000000d5580000, 0x00000000d6380000, 0x0000000100000000)
  eden space 10240K, 0% used [0x00000000d5580000,0x00000000d5580000,0x00000000d5f80000)
  from space 1024K, 91% used [0x00000000d6280000,0x00000000d636a6c0,0x00000000d6380000)
  to   space 1024K, 0% used [0x00000000d6180000,0x00000000d6180000,0x00000000d6280000)
 ParOldGen       total 68608K, used 58450K [0x0000000080000000, 0x0000000084300000, 0x00000000d5580000)
  object space 68608K, 85% used [0x0000000080000000,0x0000000083914b18,0x0000000084300000)
 Metaspace       used 50946K, committed 52224K, reserved 1114112K
  class space    used 5570K, committed 6080K, reserved 1048576K
}
Event: 7.024 GC heap before
{Heap before GC invocations=49 (full 2):
 PSYoungGen      total 11264K, used 11177K [0x00000000d5580000, 0x00000000d6380000, 0x0000000100000000)
  eden space 10240K, 100% used [0x00000000d5580000,0x00000000d5f80000,0x00000000d5f80000)
  from space 1024K, 91% used [0x00000000d6280000,0x00000000d636a6c0,0x00000000d6380000)
  to   space 1024K, 0% used [0x00000000d6180000,0x00000000d6180000,0x00000000d6280000)
 ParOldGen       total 68608K, used 58450K [0x0000000080000000, 0x0000000084300000, 0x00000000d5580000)
  object space 68608K, 85% used [0x0000000080000000,0x0000000083914b18,0x0000000084300000)
 Metaspace       used 50948K, committed 52224K, reserved 1114112K
  class space    used 5570K, committed 6080K, reserved 1048576K
}
Event: 7.025 GC heap after
{Heap after GC invocations=49 (full 2):
 PSYoungGen      total 11264K, used 925K [0x00000000d5580000, 0x00000000d6300000, 0x0000000100000000)
  eden space 10240K, 0% used [0x00000000d5580000,0x00000000d5580000,0x00000000d5f80000)
  from space 1024K, 90% used [0x00000000d6180000,0x00000000d6267450,0x00000000d6280000)
  to   space 512K, 0% used [0x00000000d6280000,0x00000000d6280000,0x00000000d6300000)
 ParOldGen       total 68608K, used 58482K [0x0000000080000000, 0x0000000084300000, 0x00000000d5580000)
  object space 68608K, 85% used [0x0000000080000000,0x000000008391cb18,0x0000000084300000)
 Metaspace       used 50948K, committed 52224K, reserved 1114112K
  class space    used 5570K, committed 6080K, reserved 1048576K
}
Event: 7.066 GC heap before
{Heap before GC invocations=50 (full 2):
 PSYoungGen      total 11264K, used 11165K [0x00000000d5580000, 0x00000000d6300000, 0x0000000100000000)
  eden space 10240K, 100% used [0x00000000d5580000,0x00000000d5f80000,0x00000000d5f80000)
  from space 1024K, 90% used [0x00000000d6180000,0x00000000d6267450,0x00000000d6280000)
  to   space 512K, 0% used [0x00000000d6280000,0x00000000d6280000,0x00000000d6300000)
 ParOldGen       total 68608K, used 58482K [0x0000000080000000, 0x0000000084300000, 0x00000000d5580000)
  object space 68608K, 85% used [0x0000000080000000,0x000000008391cb18,0x0000000084300000)
 Metaspace       used 51866K, committed 53120K, reserved 1114112K
  class space    used 5656K, committed 6208K, reserved 1048576K
}
Event: 7.067 GC heap after
{Heap after GC invocations=50 (full 2):
 PSYoungGen      total 10752K, used 224K [0x00000000d5580000, 0x00000000d6300000, 0x0000000100000000)
  eden space 10240K, 0% used [0x00000000d5580000,0x00000000d5580000,0x00000000d5f80000)
  from space 512K, 43% used [0x00000000d6280000,0x00000000d62b8000,0x00000000d6300000)
  to   space 512K, 0% used [0x00000000d6200000,0x00000000d6200000,0x00000000d6280000)
 ParOldGen       total 68608K, used 58490K [0x0000000080000000, 0x0000000084300000, 0x00000000d5580000)
  object space 68608K, 85% used [0x0000000080000000,0x000000008391eb18,0x0000000084300000)
 Metaspace       used 51866K, committed 53120K, reserved 1114112K
  class space    used 5656K, committed 6208K, reserved 1048576K
}
Event: 7.206 GC heap before
{Heap before GC invocations=51 (full 2):
 PSYoungGen      total 10752K, used 10464K [0x00000000d5580000, 0x00000000d6300000, 0x0000000100000000)
  eden space 10240K, 100% used [0x00000000d5580000,0x00000000d5f80000,0x00000000d5f80000)
  from space 512K, 43% used [0x00000000d6280000,0x00000000d62b8000,0x00000000d6300000)
  to   space 512K, 0% used [0x00000000d6200000,0x00000000d6200000,0x00000000d6280000)
 ParOldGen       total 68608K, used 58490K [0x0000000080000000, 0x0000000084300000, 0x00000000d5580000)
  object space 68608K, 85% used [0x0000000080000000,0x000000008391eb18,0x0000000084300000)
 Metaspace       used 52325K, committed 53632K, reserved 1114112K
  class space    used 5728K, committed 6272K, reserved 1048576K
}
Event: 7.207 GC heap after
{Heap after GC invocations=51 (full 2):
 PSYoungGen      total 10752K, used 256K [0x00000000d5580000, 0x00000000d6300000, 0x0000000100000000)
  eden space 10240K, 0% used [0x00000000d5580000,0x00000000d5580000,0x00000000d5f80000)
  from space 512K, 50% used [0x00000000d6200000,0x00000000d6240000,0x00000000d6280000)
  to   space 512K, 0% used [0x00000000d6280000,0x00000000d6280000,0x00000000d6300000)
 ParOldGen       total 68608K, used 58530K [0x0000000080000000, 0x0000000084300000, 0x00000000d5580000)
  object space 68608K, 85% used [0x0000000080000000,0x0000000083928b18,0x0000000084300000)
 Metaspace       used 52325K, committed 53632K, reserved 1114112K
  class space    used 5728K, committed 6272K, reserved 1048576K
}
Event: 7.337 GC heap before
{Heap before GC invocations=52 (full 2):
 PSYoungGen      total 10752K, used 10496K [0x00000000d5580000, 0x00000000d6300000, 0x0000000100000000)
  eden space 10240K, 100% used [0x00000000d5580000,0x00000000d5f80000,0x00000000d5f80000)
  from space 512K, 50% used [0x00000000d6200000,0x00000000d6240000,0x00000000d6280000)
  to   space 512K, 0% used [0x00000000d6280000,0x00000000d6280000,0x00000000d6300000)
 ParOldGen       total 68608K, used 58530K [0x0000000080000000, 0x0000000084300000, 0x00000000d5580000)
  object space 68608K, 85% used [0x0000000080000000,0x0000000083928b18,0x0000000084300000)
 Metaspace       used 52888K, committed 54208K, reserved 1114112K
  class space    used 5780K, committed 6336K, reserved 1048576K
}
Event: 7.338 GC heap after
{Heap after GC invocations=52 (full 2):
 PSYoungGen      total 10752K, used 384K [0x00000000d5580000, 0x00000000d6300000, 0x0000000100000000)
  eden space 10240K, 0% used [0x00000000d5580000,0x00000000d5580000,0x00000000d5f80000)
  from space 512K, 75% used [0x00000000d6280000,0x00000000d62e0000,0x00000000d6300000)
  to   space 512K, 0% used [0x00000000d6200000,0x00000000d6200000,0x00000000d6280000)
 ParOldGen       total 68608K, used 58650K [0x0000000080000000, 0x0000000084300000, 0x00000000d5580000)
  object space 68608K, 85% used [0x0000000080000000,0x0000000083946b18,0x0000000084300000)
 Metaspace       used 52888K, committed 54208K, reserved 1114112K
  class space    used 5780K, committed 6336K, reserved 1048576K
}
Event: 7.417 GC heap before
{Heap before GC invocations=53 (full 2):
 PSYoungGen      total 10752K, used 10561K [0x00000000d5580000, 0x00000000d6300000, 0x0000000100000000)
  eden space 10240K, 99% used [0x00000000d5580000,0x00000000d5f70438,0x00000000d5f80000)
  from space 512K, 75% used [0x00000000d6280000,0x00000000d62e0000,0x00000000d6300000)
  to   space 512K, 0% used [0x00000000d6200000,0x00000000d6200000,0x00000000d6280000)
 ParOldGen       total 68608K, used 58650K [0x0000000080000000, 0x0000000084300000, 0x00000000d5580000)
  object space 68608K, 85% used [0x0000000080000000,0x0000000083946b18,0x0000000084300000)
 Metaspace       used 53561K, committed 54848K, reserved 1114112K
  class space    used 5836K, committed 6400K, reserved 1048576K
}
Event: 7.418 GC heap after
{Heap after GC invocations=53 (full 2):
 PSYoungGen      total 10752K, used 352K [0x00000000d5580000, 0x00000000d6300000, 0x0000000100000000)
  eden space 10240K, 0% used [0x00000000d5580000,0x00000000d5580000,0x00000000d5f80000)
  from space 512K, 68% used [0x00000000d6200000,0x00000000d6258000,0x00000000d6280000)
  to   space 512K, 0% used [0x00000000d6280000,0x00000000d6280000,0x00000000d6300000)
 ParOldGen       total 68608K, used 58866K [0x0000000080000000, 0x0000000084300000, 0x00000000d5580000)
  object space 68608K, 85% used [0x0000000080000000,0x000000008397cb18,0x0000000084300000)
 Metaspace       used 53561K, committed 54848K, reserved 1114112K
  class space    used 5836K, committed 6400K, reserved 1048576K
}
Event: 7.526 GC heap before
{Heap before GC invocations=54 (full 2):
 PSYoungGen      total 10752K, used 10488K [0x00000000d5580000, 0x00000000d6300000, 0x0000000100000000)
  eden space 10240K, 98% used [0x00000000d5580000,0x00000000d5f663b0,0x00000000d5f80000)
  from space 512K, 68% used [0x00000000d6200000,0x00000000d6258000,0x00000000d6280000)
  to   space 512K, 0% used [0x00000000d6280000,0x00000000d6280000,0x00000000d6300000)
 ParOldGen       total 68608K, used 58866K [0x0000000080000000, 0x0000000084300000, 0x00000000d5580000)
  object space 68608K, 85% used [0x0000000080000000,0x000000008397cb18,0x0000000084300000)
 Metaspace       used 54517K, committed 55808K, reserved 1114112K
  class space    used 5958K, committed 6528K, reserved 1048576K
}
Event: 7.527 GC heap after
{Heap after GC invocations=54 (full 2):
 PSYoungGen      total 10752K, used 480K [0x00000000d5580000, 0x00000000d6300000, 0x0000000100000000)
  eden space 10240K, 0% used [0x00000000d5580000,0x00000000d5580000,0x00000000d5f80000)
  from space 512K, 93% used [0x00000000d6280000,0x00000000d62f8020,0x00000000d6300000)
  to   space 1024K, 0% used [0x00000000d6100000,0x00000000d6100000,0x00000000d6200000)
 ParOldGen       total 68608K, used 59058K [0x0000000080000000, 0x0000000084300000, 0x00000000d5580000)
  object space 68608K, 86% used [0x0000000080000000,0x00000000839acb18,0x0000000084300000)
 Metaspace       used 54517K, committed 55808K, reserved 1114112K
  class space    used 5958K, committed 6528K, reserved 1048576K
}
Event: 7.670 GC heap before
{Heap before GC invocations=55 (full 2):
 PSYoungGen      total 10752K, used 10720K [0x00000000d5580000, 0x00000000d6300000, 0x0000000100000000)
  eden space 10240K, 100% used [0x00000000d5580000,0x00000000d5f80000,0x00000000d5f80000)
  from space 512K, 93% used [0x00000000d6280000,0x00000000d62f8020,0x00000000d6300000)
  to   space 1024K, 0% used [0x00000000d6100000,0x00000000d6100000,0x00000000d6200000)
 ParOldGen       total 68608K, used 59058K [0x0000000080000000, 0x0000000084300000, 0x00000000d5580000)
  object space 68608K, 86% used [0x0000000080000000,0x00000000839acb18,0x0000000084300000)
 Metaspace       used 55705K, committed 57024K, reserved 1114112K
  class space    used 6035K, committed 6592K, reserved 1048576K
}
Event: 7.671 GC heap after
{Heap after GC invocations=55 (full 2):
 PSYoungGen      total 11264K, used 512K [0x00000000d5580000, 0x00000000d6300000, 0x0000000100000000)
  eden space 10240K, 0% used [0x00000000d5580000,0x00000000d5580000,0x00000000d5f80000)
  from space 1024K, 50% used [0x00000000d6100000,0x00000000d6180000,0x00000000d6200000)
  to   space 1024K, 0% used [0x00000000d6200000,0x00000000d6200000,0x00000000d6300000)
 ParOldGen       total 68608K, used 59434K [0x0000000080000000, 0x0000000084300000, 0x00000000d5580000)
  object space 68608K, 86% used [0x0000000080000000,0x0000000083a0ab38,0x0000000084300000)
 Metaspace       used 55705K, committed 57024K, reserved 1114112K
  class space    used 6035K, committed 6592K, reserved 1048576K
}
Event: 7.787 GC heap before
{Heap before GC invocations=56 (full 2):
 PSYoungGen      total 11264K, used 10752K [0x00000000d5580000, 0x00000000d6300000, 0x0000000100000000)
  eden space 10240K, 100% used [0x00000000d5580000,0x00000000d5f80000,0x00000000d5f80000)
  from space 1024K, 50% used [0x00000000d6100000,0x00000000d6180000,0x00000000d6200000)
  to   space 1024K, 0% used [0x00000000d6200000,0x00000000d6200000,0x00000000d6300000)
 ParOldGen       total 68608K, used 59434K [0x0000000080000000, 0x0000000084300000, 0x00000000d5580000)
  object space 68608K, 86% used [0x0000000080000000,0x0000000083a0ab38,0x0000000084300000)
 Metaspace       used 55996K, committed 57408K, reserved 1114112K
  class space    used 6060K, committed 6656K, reserved 1048576K
}
Event: 7.787 GC heap after
{Heap after GC invocations=56 (full 2):
 PSYoungGen      total 10752K, used 512K [0x00000000d5580000, 0x00000000d6280000, 0x0000000100000000)
  eden space 10240K, 0% used [0x00000000d5580000,0x00000000d5580000,0x00000000d5f80000)
  from space 512K, 100% used [0x00000000d6200000,0x00000000d6280000,0x00000000d6280000)
  to   space 1024K, 0% used [0x00000000d6080000,0x00000000d6080000,0x00000000d6180000)
 ParOldGen       total 68608K, used 59699K [0x0000000080000000, 0x0000000084300000, 0x00000000d5580000)
  object space 68608K, 87% used [0x0000000080000000,0x0000000083a4cce8,0x0000000084300000)
 Metaspace       used 55996K, committed 57408K, reserved 1114112K
  class space    used 6060K, committed 6656K, reserved 1048576K
}
Event: 7.858 GC heap before
{Heap before GC invocations=57 (full 2):
 PSYoungGen      total 10752K, used 10752K [0x00000000d5580000, 0x00000000d6280000, 0x0000000100000000)
  eden space 10240K, 100% used [0x00000000d5580000,0x00000000d5f80000,0x00000000d5f80000)
  from space 512K, 100% used [0x00000000d6200000,0x00000000d6280000,0x00000000d6280000)
  to   space 1024K, 0% used [0x00000000d6080000,0x00000000d6080000,0x00000000d6180000)
 ParOldGen       total 68608K, used 59699K [0x0000000080000000, 0x0000000084300000, 0x00000000d5580000)
  object space 68608K, 87% used [0x0000000080000000,0x0000000083a4cce8,0x0000000084300000)
 Metaspace       used 56723K, committed 58048K, reserved 1114112K
  class space    used 6136K, committed 6720K, reserved 1048576K
}
Event: 7.859 GC heap after
{Heap after GC invocations=57 (full 2):
 PSYoungGen      total 11264K, used 480K [0x00000000d5580000, 0x00000000d6280000, 0x0000000100000000)
  eden space 10240K, 0% used [0x00000000d5580000,0x00000000d5580000,0x00000000d5f80000)
  from space 1024K, 46% used [0x00000000d6080000,0x00000000d60f8020,0x00000000d6180000)
  to   space 512K, 0% used [0x00000000d6200000,0x00000000d6200000,0x00000000d6280000)
 ParOldGen       total 68608K, used 60033K [0x0000000080000000, 0x0000000084300000, 0x00000000d5580000)
  object space 68608K, 87% used [0x0000000080000000,0x0000000083aa05e0,0x0000000084300000)
 Metaspace       used 56723K, committed 58048K, reserved 1114112K
  class space    used 6136K, committed 6720K, reserved 1048576K
}

