# JRE version: OpenJDK Runtime Environment Temurin-21.0.9+10 (21.0.9+10) (build 21.0.9+10-LTS)
# Java VM: OpenJDK 64-Bit Server VM Temurin-21.0.9+10 (21.0.9+10-LTS, mixed mode, sharing, tiered, compressed oops, compressed class ptrs, parallel gc, windows-amd64)
GC Precious Log:
 CardTable entry size: 512
 CPUs: 12 total, 12 available
 Memory: 16307M
 Large Page Support: Disabled
 NUMA Support: Disabled
 Compressed Oops: Enabled (32-bit)
 Alignments: Space 512K, Generation 512K, Heap 2M
 Heap Min Capacity: 100M
 Heap Initial Capacity: 100M
 Heap Max Capacity: 2G
 Pre-touch: Disabled
 Parallel Workers: 10
Heap:
 PSYoungGen      total 18432K, used 12145K [0x00000000d5580000, 0x00000000d7680000, 0x0000000100000000)
  eden space 16384K, 63% used [0x00000000d5580000,0x00000000d5fba2e8,0x00000000d6580000)
  from space 2048K, 81% used [0x00000000d7480000,0x00000000d7622400,0x00000000d7680000)
  to   space 6144K, 0% used [0x00000000d6a80000,0x00000000d6a80000,0x00000000d7080000)
 ParOldGen       total 1094656K, used 1094258K [0x0000000080000000, 0x00000000c2d00000, 0x00000000d5580000)
  object space 1094656K, 99% used [0x0000000080000000,0x00000000c2c9cb60,0x00000000c2d00000)
 Metaspace       used 92021K, committed 93952K, reserved 1179648K
  class space    used 9276K, committed 10176K, reserved 1048576K
GC Heap History (20 events):
Event: 2829.072 GC heap before
{Heap before GC invocations=2304 (full 7):
 PSYoungGen      total 7168K, used 6784K [0x00000000d5580000, 0x00000000d5d80000, 0x0000000100000000)
  eden space 6144K, 100% used [0x00000000d5580000,0x00000000d5b80000,0x00000000d5b80000)
  from space 1024K, 62% used [0x00000000d5c80000,0x00000000d5d20000,0x00000000d5d80000)
  to   space 1024K, 0% used [0x00000000d5b80000,0x00000000d5b80000,0x00000000d5c80000)
 ParOldGen       total 1014272K, used 1013942K [0x0000000080000000, 0x00000000bde80000, 0x00000000d5580000)
  object space 1014272K, 99% used [0x0000000080000000,0x00000000bde2d9d8,0x00000000bde80000)
 Metaspace       used 91944K, committed 93888K, reserved 1179648K
  class space    used 9276K, committed 10176K, reserved 1048576K
}
Event: 2829.076 GC heap after
{Heap after GC invocations=2304 (full 7):
 PSYoungGen      total 7168K, used 1024K [0x00000000d5580000, 0x00000000d6c00000, 0x0000000100000000)
  eden space 6144K, 0% used [0x00000000d5580000,0x00000000d5580000,0x00000000d5b80000)
  from space 1024K, 100% used [0x00000000d5b80000,0x00000000d5c80000,0x00000000d5c80000)
  to   space 7680K, 0% used [0x00000000d6480000,0x00000000d6480000,0x00000000d6c00000)
 ParOldGen       total 1019904K, used 1019539K [0x0000000080000000, 0x00000000be400000, 0x00000000d5580000)
  object space 1019904K, 99% used [0x0000000080000000,0x00000000be3a4e48,0x00000000be400000)
 Metaspace       used 91944K, committed 93888K, reserved 1179648K
  class space    used 9276K, committed 10176K, reserved 1048576K
}
Event: 2829.083 GC heap before
{Heap before GC invocations=2305 (full 7):
 PSYoungGen      total 7168K, used 7168K [0x00000000d5580000, 0x00000000d6c00000, 0x0000000100000000)
  eden space 6144K, 100% used [0x00000000d5580000,0x00000000d5b80000,0x00000000d5b80000)
  from space 1024K, 100% used [0x00000000d5b80000,0x00000000d5c80000,0x00000000d5c80000)
  to   space 7680K, 0% used [0x00000000d6480000,0x00000000d6480000,0x00000000d6c00000)
 ParOldGen       total 1019904K, used 1019539K [0x0000000080000000, 0x00000000be400000, 0x00000000d5580000)
  object space 1019904K, 99% used [0x0000000080000000,0x00000000be3a4e48,0x00000000be400000)
 Metaspace       used 91944K, committed 93888K, reserved 1179648K
  class space    used 9276K, committed 10176K, reserved 1048576K
}
Event: 2829.086 GC heap after
{Heap after GC invocations=2305 (full 7):
 PSYoungGen      total 14336K, used 6272K [0x00000000d5580000, 0x00000000d6b00000, 0x0000000100000000)
  eden space 7680K, 0% used [0x00000000d5580000,0x00000000d5580000,0x00000000d5d00000)
  from space 6656K, 94% used [0x00000000d6480000,0x00000000d6aa0000,0x00000000d6b00000)
  to   space 6656K, 0% used [0x00000000d5e00000,0x00000000d5e00000,0x00000000d6480000)
 ParOldGen       total 1020928K, used 1020611K [0x0000000080000000, 0x00000000be500000, 0x00000000d5580000)
  object space 1020928K, 99% used [0x0000000080000000,0x00000000be4b0e48,0x00000000be500000)
 Metaspace       used 91944K, committed 93888K, reserved 1179648K
  class space    used 9276K, committed 10176K, reserved 1048576K
}
Event: 2829.096 GC heap before
{Heap before GC invocations=2306 (full 7):
 PSYoungGen      total 14336K, used 13882K [0x00000000d5580000, 0x00000000d6b00000, 0x0000000100000000)
  eden space 7680K, 99% used [0x00000000d5580000,0x00000000d5ceebc0,0x00000000d5d00000)
  from space 6656K, 94% used [0x00000000d6480000,0x00000000d6aa0000,0x00000000d6b00000)
  to   space 6656K, 0% used [0x00000000d5e00000,0x00000000d5e00000,0x00000000d6480000)
 ParOldGen       total 1020928K, used 1020611K [0x0000000080000000, 0x00000000be500000, 0x00000000d5580000)
  object space 1020928K, 99% used [0x0000000080000000,0x00000000be4b0e48,0x00000000be500000)
 Metaspace       used 91944K, committed 93888K, reserved 1179648K
  class space    used 9276K, committed 10176K, reserved 1048576K
}
Event: 2829.102 GC heap after
{Heap after GC invocations=2306 (full 7):
 PSYoungGen      total 15360K, used 6634K [0x00000000d5580000, 0x00000000d7c80000, 0x0000000100000000)
  eden space 8704K, 0% used [0x00000000d5580000,0x00000000d5580000,0x00000000d5e00000)
  from space 6656K, 99% used [0x00000000d5e00000,0x00000000d647aa80,0x00000000d6480000)
  to   space 15360K, 0% used [0x00000000d6d80000,0x00000000d6d80000,0x00000000d7c80000)
 ParOldGen       total 1027584K, used 1027579K [0x0000000080000000, 0x00000000beb80000, 0x00000000d5580000)
  object space 1027584K, 99% used [0x0000000080000000,0x00000000beb7ee48,0x00000000beb80000)
 Metaspace       used 91944K, committed 93888K, reserved 1179648K
  class space    used 9276K, committed 10176K, reserved 1048576K
}
Event: 2829.157 GC heap before
{Heap before GC invocations=2307 (full 7):
 PSYoungGen      total 15360K, used 15264K [0x00000000d5580000, 0x00000000d7c80000, 0x0000000100000000)
  eden space 8704K, 99% used [0x00000000d5580000,0x00000000d5ded7b0,0x00000000d5e00000)
  from space 6656K, 99% used [0x00000000d5e00000,0x00000000d647aa80,0x00000000d6480000)
  to   space 15360K, 0% used [0x00000000d6d80000,0x00000000d6d80000,0x00000000d7c80000)
 ParOldGen       total 1027584K, used 1027579K [0x0000000080000000, 0x00000000beb80000, 0x00000000d5580000)
  object space 1027584K, 99% used [0x0000000080000000,0x00000000beb7ee48,0x00000000beb80000)
 Metaspace       used 91947K, committed 93888K, reserved 1179648K
  class space    used 9276K, committed 10176K, reserved 1048576K
}
Event: 2829.165 GC heap after
{Heap after GC invocations=2307 (full 7):
 PSYoungGen      total 16896K, used 5977K [0x00000000d5580000, 0x00000000d7380000, 0x0000000100000000)
  eden space 10752K, 0% used [0x00000000d5580000,0x00000000d5580000,0x00000000d6000000)
  from space 6144K, 97% used [0x00000000d6d80000,0x00000000d7356418,0x00000000d7380000)
  to   space 9216K, 0% used [0x00000000d6180000,0x00000000d6180000,0x00000000d6a80000)
 ParOldGen       total 1034240K, used 1034115K [0x0000000080000000, 0x00000000bf200000, 0x00000000d5580000)
  object space 1034240K, 99% used [0x0000000080000000,0x00000000bf1e0e48,0x00000000bf200000)
 Metaspace       used 91947K, committed 93888K, reserved 1179648K
  class space    used 9276K, committed 10176K, reserved 1048576K
}
Event: 2829.178 GC heap before
{Heap before GC invocations=2308 (full 7):
 PSYoungGen      total 16896K, used 16729K [0x00000000d5580000, 0x00000000d7380000, 0x0000000100000000)
  eden space 10752K, 100% used [0x00000000d5580000,0x00000000d6000000,0x00000000d6000000)
  from space 6144K, 97% used [0x00000000d6d80000,0x00000000d7356418,0x00000000d7380000)
  to   space 9216K, 0% used [0x00000000d6180000,0x00000000d6180000,0x00000000d6a80000)
 ParOldGen       total 1034240K, used 1034115K [0x0000000080000000, 0x00000000bf200000, 0x00000000d5580000)
  object space 1034240K, 99% used [0x0000000080000000,0x00000000bf1e0e48,0x00000000bf200000)
 Metaspace       used 91976K, committed 93952K, reserved 1179648K
  class space    used 9276K, committed 10176K, reserved 1048576K
}
Event: 2829.184 GC heap after
{Heap after GC invocations=2308 (full 7):
 PSYoungGen      total 21504K, used 9199K [0x00000000d5580000, 0x00000000d8480000, 0x0000000100000000)
  eden space 12288K, 0% used [0x00000000d5580000,0x00000000d5580000,0x00000000d6180000)
  from space 9216K, 99% used [0x00000000d6180000,0x00000000d6a7bc38,0x00000000d6a80000)
  to   space 17408K, 0% used [0x00000000d7380000,0x00000000d7380000,0x00000000d8480000)
 ParOldGen       total 1040384K, used 1040276K [0x0000000080000000, 0x00000000bf800000, 0x00000000d5580000)
  object space 1040384K, 99% used [0x0000000080000000,0x00000000bf7e5260,0x00000000bf800000)
 Metaspace       used 91976K, committed 93952K, reserved 1179648K
  class space    used 9276K, committed 10176K, reserved 1048576K
}
Event: 2829.199 GC heap before
{Heap before GC invocations=2309 (full 7):
 PSYoungGen      total 21504K, used 21198K [0x00000000d5580000, 0x00000000d8480000, 0x0000000100000000)
  eden space 12288K, 97% used [0x00000000d5580000,0x00000000d6137f50,0x00000000d6180000)
  from space 9216K, 99% used [0x00000000d6180000,0x00000000d6a7bc38,0x00000000d6a80000)
  to   space 17408K, 0% used [0x00000000d7380000,0x00000000d7380000,0x00000000d8480000)
 ParOldGen       total 1040384K, used 1040276K [0x0000000080000000, 0x00000000bf800000, 0x00000000d5580000)
  object space 1040384K, 99% used [0x0000000080000000,0x00000000bf7e5260,0x00000000bf800000)
 Metaspace       used 91978K, committed 93952K, reserved 1179648K
  class space    used 9276K, committed 10176K, reserved 1048576K
}
Event: 2829.205 GC heap after
{Heap after GC invocations=2309 (full 7):
 PSYoungGen      total 26112K, used 11068K [0x00000000d5580000, 0x00000000d7e80000, 0x0000000100000000)
  eden space 14848K, 0% used [0x00000000d5580000,0x00000000d5580000,0x00000000d6400000)
  from space 11264K, 98% used [0x00000000d7380000,0x00000000d7e4f0e8,0x00000000d7e80000)
  to   space 12800K, 0% used [0x00000000d6580000,0x00000000d6580000,0x00000000d7200000)
 ParOldGen       total 1049600K, used 1049507K [0x0000000080000000, 0x00000000c0100000, 0x00000000d5580000)
  object space 1049600K, 99% used [0x0000000080000000,0x00000000c00e8ea8,0x00000000c0100000)
 Metaspace       used 91978K, committed 93952K, reserved 1179648K
  class space    used 9276K, committed 10176K, reserved 1048576K
}
Event: 2829.228 GC heap before
{Heap before GC invocations=2310 (full 7):
 PSYoungGen      total 26112K, used 25916K [0x00000000d5580000, 0x00000000d7e80000, 0x0000000100000000)
  eden space 14848K, 100% used [0x00000000d5580000,0x00000000d6400000,0x00000000d6400000)
  from space 11264K, 98% used [0x00000000d7380000,0x00000000d7e4f0e8,0x00000000d7e80000)
  to   space 12800K, 0% used [0x00000000d6580000,0x00000000d6580000,0x00000000d7200000)
 ParOldGen       total 1049600K, used 1049507K [0x0000000080000000, 0x00000000c0100000, 0x00000000d5580000)
  object space 1049600K, 99% used [0x0000000080000000,0x00000000c00e8ea8,0x00000000c0100000)
 Metaspace       used 92018K, committed 93952K, reserved 1179648K
  class space    used 9276K, committed 10176K, reserved 1048576K
}
Event: 2829.233 GC heap after
{Heap after GC invocations=2310 (full 7):
 PSYoungGen      total 22528K, used 5805K [0x00000000d5580000, 0x00000000d7700000, 0x0000000100000000)
  eden space 16384K, 0% used [0x00000000d5580000,0x00000000d5580000,0x00000000d6580000)
  from space 6144K, 94% used [0x00000000d6580000,0x00000000d6b2b588,0x00000000d6b80000)
  to   space 8192K, 0% used [0x00000000d6f00000,0x00000000d6f00000,0x00000000d7700000)
 ParOldGen       total 1059840K, used 1059736K [0x0000000080000000, 0x00000000c0b00000, 0x00000000d5580000)
  object space 1059840K, 99% used [0x0000000080000000,0x00000000c0ae6348,0x00000000c0b00000)
 Metaspace       used 92018K, committed 93952K, reserved 1179648K
  class space    used 9276K, committed 10176K, reserved 1048576K
}
Event: 2829.254 GC heap before
{Heap before GC invocations=2311 (full 7):
 PSYoungGen      total 22528K, used 22189K [0x00000000d5580000, 0x00000000d7700000, 0x0000000100000000)
  eden space 16384K, 100% used [0x00000000d5580000,0x00000000d6580000,0x00000000d6580000)
  from space 6144K, 94% used [0x00000000d6580000,0x00000000d6b2b588,0x00000000d6b80000)
  to   space 8192K, 0% used [0x00000000d6f00000,0x00000000d6f00000,0x00000000d7700000)
 ParOldGen       total 1083392K, used 1082776K [0x0000000080000000, 0x00000000c2200000, 0x00000000d5580000)
  object space 1083392K, 99% used [0x0000000080000000,0x00000000c2166368,0x00000000c2200000)
 Metaspace       used 92018K, committed 93952K, reserved 1179648K
  class space    used 9276K, committed 10176K, reserved 1048576K
}
Event: 2829.257 GC heap after
{Heap after GC invocations=2311 (full 7):
 PSYoungGen      total 19968K, used 3195K [0x00000000d5580000, 0x00000000d7280000, 0x0000000100000000)
  eden space 16384K, 0% used [0x00000000d5580000,0x00000000d5580000,0x00000000d6580000)
  from space 3584K, 89% used [0x00000000d6f00000,0x00000000d721eda0,0x00000000d7280000)
  to   space 4608K, 0% used [0x00000000d6980000,0x00000000d6980000,0x00000000d6e00000)
 ParOldGen       total 1084928K, used 1084766K [0x0000000080000000, 0x00000000c2380000, 0x00000000d5580000)
  object space 1084928K, 99% used [0x0000000080000000,0x00000000c2357bf0,0x00000000c2380000)
 Metaspace       used 92018K, committed 93952K, reserved 1179648K
  class space    used 9276K, committed 10176K, reserved 1048576K
}
Event: 2829.291 GC heap before
{Heap before GC invocations=2312 (full 7):
 PSYoungGen      total 19968K, used 19579K [0x00000000d5580000, 0x00000000d7280000, 0x0000000100000000)
  eden space 16384K, 100% used [0x00000000d5580000,0x00000000d6580000,0x00000000d6580000)
  from space 3584K, 89% used [0x00000000d6f00000,0x00000000d721eda0,0x00000000d7280000)
  to   space 4608K, 0% used [0x00000000d6980000,0x00000000d6980000,0x00000000d6e00000)
 ParOldGen       total 1084928K, used 1084766K [0x0000000080000000, 0x00000000c2380000, 0x00000000d5580000)
  object space 1084928K, 99% used [0x0000000080000000,0x00000000c2357bf0,0x00000000c2380000)
 Metaspace       used 92018K, committed 93952K, reserved 1179648K
  class space    used 9276K, committed 10176K, reserved 1048576K
}
Event: 2829.295 GC heap after
{Heap after GC invocations=2312 (full 7):
 PSYoungGen      total 20992K, used 4596K [0x00000000d5580000, 0x00000000d8380000, 0x0000000100000000)
  eden space 16384K, 0% used [0x00000000d5580000,0x00000000d5580000,0x00000000d6580000)
  from space 4608K, 99% used [0x00000000d6980000,0x00000000d6dfd238,0x00000000d6e00000)
  to   space 15360K, 0% used [0x00000000d7480000,0x00000000d7480000,0x00000000d8380000)
 ParOldGen       total 1094144K, used 1093716K [0x0000000080000000, 0x00000000c2c80000, 0x00000000d5580000)
  object space 1094144K, 99% used [0x0000000080000000,0x00000000c2c15240,0x00000000c2c80000)
 Metaspace       used 92018K, committed 93952K, reserved 1179648K
  class space    used 9276K, committed 10176K, reserved 1048576K
}
Event: 2829.788 GC heap before
{Heap before GC invocations=2313 (full 7):
 PSYoungGen      total 20992K, used 20980K [0x00000000d5580000, 0x00000000d8380000, 0x0000000100000000)
  eden space 16384K, 100% used [0x00000000d5580000,0x00000000d6580000,0x00000000d6580000)
  from space 4608K, 99% used [0x00000000d6980000,0x00000000d6dfd238,0x00000000d6e00000)
  to   space 15360K, 0% used [0x00000000d7480000,0x00000000d7480000,0x00000000d8380000)
 ParOldGen       total 1094144K, used 1093716K [0x0000000080000000, 0x00000000c2c80000, 0x00000000d5580000)
  object space 1094144K, 99% used [0x0000000080000000,0x00000000c2c15240,0x00000000c2c80000)
 Metaspace       used 92020K, committed 93952K, reserved 1179648K
  class space    used 9276K, committed 10176K, reserved 1048576K
}
Event: 2829.790 GC heap after
{Heap after GC invocations=2313 (full 7):
 PSYoungGen      total 18432K, used 1673K [0x00000000d5580000, 0x00000000d7680000, 0x0000000100000000)
  eden space 16384K, 0% used [0x00000000d5580000,0x00000000d5580000,0x00000000d6580000)
  from space 2048K, 81% used [0x00000000d7480000,0x00000000d7622400,0x00000000d7680000)
  to   space 6144K, 0% used [0x00000000d6a80000,0x00000000d6a80000,0x00000000d7080000)
 ParOldGen       total 1094656K, used 1094258K [0x0000000080000000, 0x00000000c2d00000, 0x00000000d5580000)
  object space 1094656K, 99% used [0x0000000080000000,0x00000000c2c9cb60,0x00000000c2d00000)
 Metaspace       used 92020K, committed 93952K, reserved 1179648K
  class space    used 9276K, committed 10176K, reserved 1048576K
}

