# JRE version: OpenJDK Runtime Environment Temurin-21.0.9+10 (21.0.9+10) (build 21.0.9+10-LTS)
# Java VM: OpenJDK 64-Bit Server VM Temurin-21.0.9+10 (21.0.9+10-LTS, mixed mode, sharing, tiered, compressed oops, compressed class ptrs, parallel gc, windows-amd64)
GC Precious Log:
 CardTable entry size: 512
 CPUs: 12 total, 12 available
 Memory: 16307M
 Large Page Support: Disabled
 NUMA Support: Disabled
 Compressed Oops: Enabled (32-bit)
 Alignments: Space 512K, Generation 512K, Heap 2M
 Heap Min Capacity: 100M
 Heap Initial Capacity: 100M
 Heap Max Capacity: 2G
 Pre-touch: Disabled
 Parallel Workers: 10
Heap:
 PSYoungGen      total 12800K, used 6937K [0x00000000d5580000, 0x00000000d6480000, 0x0000000100000000)
  eden space 11264K, 52% used [0x00000000d5580000,0x00000000d5b3e530,0x00000000d6080000)
  from space 1536K, 68% used [0x00000000d6300000,0x00000000d6408020,0x00000000d6480000)
  to   space 1536K, 0% used [0x00000000d6180000,0x00000000d6180000,0x00000000d6300000)
 ParOldGen       total 340992K, used 340673K [0x0000000080000000, 0x0000000094d00000, 0x00000000d5580000)
  object space 340992K, 99% used [0x0000000080000000,0x0000000094cb0538,0x0000000094d00000)
 Metaspace       used 99152K, committed 101184K, reserved 1179648K
  class space    used 9910K, committed 10944K, reserved 1048576K
GC Heap History (20 events):
Event: 3733.740 GC heap before
{Heap before GC invocations=7147 (full 8):
 PSYoungGen      total 12288K, used 12161K [0x00000000d5580000, 0x00000000d6700000, 0x0000000100000000)
  eden space 9216K, 100% used [0x00000000d5580000,0x00000000d5e80000,0x00000000d5e80000)
  from space 3072K, 95% used [0x00000000d6400000,0x00000000d66e0400,0x00000000d6700000)
  to   space 4096K, 0% used [0x00000000d5f00000,0x00000000d5f00000,0x00000000d6300000)
 ParOldGen       total 297472K, used 297390K [0x0000000080000000, 0x0000000092280000, 0x00000000d5580000)
  object space 297472K, 99% used [0x0000000080000000,0x000000009226ba10,0x0000000092280000)
 Metaspace       used 99130K, committed 101184K, reserved 1179648K
  class space    used 9910K, committed 10944K, reserved 1048576K
}
Event: 3733.743 GC heap after
{Heap after GC invocations=7147 (full 8):
 PSYoungGen      total 13824K, used 1856K [0x00000000d5580000, 0x00000000d6580000, 0x0000000100000000)
  eden space 9728K, 0% used [0x00000000d5580000,0x00000000d5580000,0x00000000d5f00000)
  from space 4096K, 45% used [0x00000000d5f00000,0x00000000d60d0040,0x00000000d6300000)
  to   space 2560K, 0% used [0x00000000d6300000,0x00000000d6300000,0x00000000d6580000)
 ParOldGen       total 300032K, used 299691K [0x0000000080000000, 0x0000000092500000, 0x00000000d5580000)
  object space 300032K, 99% used [0x0000000080000000,0x00000000924aae28,0x0000000092500000)
 Metaspace       used 99130K, committed 101184K, reserved 1179648K
  class space    used 9910K, committed 10944K, reserved 1048576K
}
Event: 3733.749 GC heap before
{Heap before GC invocations=7148 (full 8):
 PSYoungGen      total 13824K, used 11584K [0x00000000d5580000, 0x00000000d6580000, 0x0000000100000000)
  eden space 9728K, 100% used [0x00000000d5580000,0x00000000d5f00000,0x00000000d5f00000)
  from space 4096K, 45% used [0x00000000d5f00000,0x00000000d60d0040,0x00000000d6300000)
  to   space 2560K, 0% used [0x00000000d6300000,0x00000000d6300000,0x00000000d6580000)
 ParOldGen       total 300032K, used 299691K [0x0000000080000000, 0x0000000092500000, 0x00000000d5580000)
  object space 300032K, 99% used [0x0000000080000000,0x00000000924aae28,0x0000000092500000)
 Metaspace       used 99142K, committed 101184K, reserved 1179648K
  class space    used 9910K, committed 10944K, reserved 1048576K
}
Event: 3733.751 GC heap after
{Heap after GC invocations=7148 (full 8):
 PSYoungGen      total 11264K, used 2535K [0x00000000d5580000, 0x00000000d6b00000, 0x0000000100000000)
  eden space 8704K, 0% used [0x00000000d5580000,0x00000000d5580000,0x00000000d5e00000)
  from space 2560K, 99% used [0x00000000d6300000,0x00000000d6579de0,0x00000000d6580000)
  to   space 5120K, 0% used [0x00000000d5e00000,0x00000000d5e00000,0x00000000d6300000)
 ParOldGen       total 301568K, used 301408K [0x0000000080000000, 0x0000000092680000, 0x00000000d5580000)
  object space 301568K, 99% used [0x0000000080000000,0x0000000092658340,0x0000000092680000)
 Metaspace       used 99142K, committed 101184K, reserved 1179648K
  class space    used 9910K, committed 10944K, reserved 1048576K
}
Event: 3733.757 GC heap before
{Heap before GC invocations=7149 (full 8):
 PSYoungGen      total 11264K, used 11239K [0x00000000d5580000, 0x00000000d6b00000, 0x0000000100000000)
  eden space 8704K, 100% used [0x00000000d5580000,0x00000000d5e00000,0x00000000d5e00000)
  from space 2560K, 99% used [0x00000000d6300000,0x00000000d6579de0,0x00000000d6580000)
  to   space 5120K, 0% used [0x00000000d5e00000,0x00000000d5e00000,0x00000000d6300000)
 ParOldGen       total 301568K, used 301408K [0x0000000080000000, 0x0000000092680000, 0x00000000d5580000)
  object space 301568K, 99% used [0x0000000080000000,0x0000000092658340,0x0000000092680000)
 Metaspace       used 99142K, committed 101184K, reserved 1179648K
  class space    used 9910K, committed 10944K, reserved 1048576K
}
Event: 3733.759 GC heap after
{Heap after GC invocations=7149 (full 8):
 PSYoungGen      total 9728K, used 960K [0x00000000d5580000, 0x00000000d6500000, 0x0000000100000000)
  eden space 8704K, 0% used [0x00000000d5580000,0x00000000d5580000,0x00000000d5e00000)
  from space 1024K, 93% used [0x00000000d5e00000,0x00000000d5ef0020,0x00000000d5f00000)
  to   space 2560K, 0% used [0x00000000d6280000,0x00000000d6280000,0x00000000d6500000)
 ParOldGen       total 304128K, used 303966K [0x0000000080000000, 0x0000000092900000, 0x00000000d5580000)
  object space 304128K, 99% used [0x0000000080000000,0x00000000928d7bb8,0x0000000092900000)
 Metaspace       used 99142K, committed 101184K, reserved 1179648K
  class space    used 9910K, committed 10944K, reserved 1048576K
}
Event: 3733.794 GC heap before
{Heap before GC invocations=7150 (full 8):
 PSYoungGen      total 9728K, used 9664K [0x00000000d5580000, 0x00000000d6500000, 0x0000000100000000)
  eden space 8704K, 100% used [0x00000000d5580000,0x00000000d5e00000,0x00000000d5e00000)
  from space 1024K, 93% used [0x00000000d5e00000,0x00000000d5ef0020,0x00000000d5f00000)
  to   space 2560K, 0% used [0x00000000d6280000,0x00000000d6280000,0x00000000d6500000)
 ParOldGen       total 304128K, used 303966K [0x0000000080000000, 0x0000000092900000, 0x00000000d5580000)
  object space 304128K, 99% used [0x0000000080000000,0x00000000928d7bb8,0x0000000092900000)
 Metaspace       used 99142K, committed 101184K, reserved 1179648K
  class space    used 9910K, committed 10944K, reserved 1048576K
}
Event: 3733.797 GC heap after
{Heap after GC invocations=7150 (full 8):
 PSYoungGen      total 12800K, used 1792K [0x00000000d5580000, 0x00000000d6480000, 0x0000000100000000)
  eden space 10752K, 0% used [0x00000000d5580000,0x00000000d5580000,0x00000000d6000000)
  from space 2048K, 87% used [0x00000000d6280000,0x00000000d6440000,0x00000000d6480000)
  to   space 2048K, 0% used [0x00000000d6080000,0x00000000d6080000,0x00000000d6280000)
 ParOldGen       total 305152K, used 304789K [0x0000000080000000, 0x0000000092a00000, 0x00000000d5580000)
  object space 305152K, 99% used [0x0000000080000000,0x00000000929a5528,0x0000000092a00000)
 Metaspace       used 99142K, committed 101184K, reserved 1179648K
  class space    used 9910K, committed 10944K, reserved 1048576K
}
Event: 3733.817 GC heap before
{Heap before GC invocations=7151 (full 8):
 PSYoungGen      total 12800K, used 12544K [0x00000000d5580000, 0x00000000d6480000, 0x0000000100000000)
  eden space 10752K, 100% used [0x00000000d5580000,0x00000000d6000000,0x00000000d6000000)
  from space 2048K, 87% used [0x00000000d6280000,0x00000000d6440000,0x00000000d6480000)
  to   space 2048K, 0% used [0x00000000d6080000,0x00000000d6080000,0x00000000d6280000)
 ParOldGen       total 316928K, used 316309K [0x0000000080000000, 0x0000000093580000, 0x00000000d5580000)
  object space 316928K, 99% used [0x0000000080000000,0x00000000934e5538,0x0000000093580000)
 Metaspace       used 99146K, committed 101184K, reserved 1179648K
  class space    used 9910K, committed 10944K, reserved 1048576K
}
Event: 3733.822 GC heap after
{Heap after GC invocations=7151 (full 8):
 PSYoungGen      total 13312K, used 592K [0x00000000d5580000, 0x00000000d6580000, 0x0000000100000000)
  eden space 11264K, 0% used [0x00000000d5580000,0x00000000d5580000,0x00000000d6080000)
  from space 2048K, 28% used [0x00000000d6080000,0x00000000d6114010,0x00000000d6280000)
  to   space 1536K, 0% used [0x00000000d6400000,0x00000000d6400000,0x00000000d6580000)
 ParOldGen       total 326144K, used 325632K [0x0000000080000000, 0x0000000093e80000, 0x00000000d5580000)
  object space 326144K, 99% used [0x0000000080000000,0x0000000093e00358,0x0000000093e80000)
 Metaspace       used 99146K, committed 101184K, reserved 1179648K
  class space    used 9910K, committed 10944K, reserved 1048576K
}
Event: 3734.348 GC heap before
{Heap before GC invocations=7152 (full 8):
 PSYoungGen      total 13312K, used 11856K [0x00000000d5580000, 0x00000000d6580000, 0x0000000100000000)
  eden space 11264K, 100% used [0x00000000d5580000,0x00000000d6080000,0x00000000d6080000)
  from space 2048K, 28% used [0x00000000d6080000,0x00000000d6114010,0x00000000d6280000)
  to   space 1536K, 0% used [0x00000000d6400000,0x00000000d6400000,0x00000000d6580000)
 ParOldGen       total 337920K, used 337152K [0x0000000080000000, 0x0000000094a00000, 0x00000000d5580000)
  object space 337920K, 99% used [0x0000000080000000,0x0000000094940368,0x0000000094a00000)
 Metaspace       used 99148K, committed 101184K, reserved 1179648K
  class space    used 9910K, committed 10944K, reserved 1048576K
}
Event: 3734.349 GC heap after
{Heap after GC invocations=7152 (full 8):
 PSYoungGen      total 12288K, used 569K [0x00000000d5580000, 0x00000000d6500000, 0x0000000100000000)
  eden space 11264K, 0% used [0x00000000d5580000,0x00000000d5580000,0x00000000d6080000)
  from space 1024K, 55% used [0x00000000d6400000,0x00000000d648e430,0x00000000d6500000)
  to   space 1024K, 0% used [0x00000000d6300000,0x00000000d6300000,0x00000000d6400000)
 ParOldGen       total 337920K, used 337408K [0x0000000080000000, 0x0000000094a00000, 0x00000000d5580000)
  object space 337920K, 99% used [0x0000000080000000,0x0000000094980328,0x0000000094a00000)
 Metaspace       used 99148K, committed 101184K, reserved 1179648K
  class space    used 9910K, committed 10944K, reserved 1048576K
}
Event: 3734.355 GC heap before
{Heap before GC invocations=7153 (full 8):
 PSYoungGen      total 12288K, used 11833K [0x00000000d5580000, 0x00000000d6500000, 0x0000000100000000)
  eden space 11264K, 100% used [0x00000000d5580000,0x00000000d6080000,0x00000000d6080000)
  from space 1024K, 55% used [0x00000000d6400000,0x00000000d648e430,0x00000000d6500000)
  to   space 1024K, 0% used [0x00000000d6300000,0x00000000d6300000,0x00000000d6400000)
 ParOldGen       total 337920K, used 337408K [0x0000000080000000, 0x0000000094a00000, 0x00000000d5580000)
  object space 337920K, 99% used [0x0000000080000000,0x0000000094980328,0x0000000094a00000)
 Metaspace       used 99148K, committed 101184K, reserved 1179648K
  class space    used 9910K, committed 10944K, reserved 1048576K
}
Event: 3734.356 GC heap after
{Heap after GC invocations=7153 (full 8):
 PSYoungGen      total 12288K, used 1008K [0x00000000d5580000, 0x00000000d6480000, 0x0000000100000000)
  eden space 11264K, 0% used [0x00000000d5580000,0x00000000d5580000,0x00000000d6080000)
  from space 1024K, 98% used [0x00000000d6300000,0x00000000d63fc030,0x00000000d6400000)
  to   space 512K, 0% used [0x00000000d6400000,0x00000000d6400000,0x00000000d6480000)
 ParOldGen       total 337920K, used 337813K [0x0000000080000000, 0x0000000094a00000, 0x00000000d5580000)
  object space 337920K, 99% used [0x0000000080000000,0x00000000949e5678,0x0000000094a00000)
 Metaspace       used 99148K, committed 101184K, reserved 1179648K
  class space    used 9910K, committed 10944K, reserved 1048576K
}
Event: 3734.365 GC heap before
{Heap before GC invocations=7154 (full 8):
 PSYoungGen      total 12288K, used 12272K [0x00000000d5580000, 0x00000000d6480000, 0x0000000100000000)
  eden space 11264K, 100% used [0x00000000d5580000,0x00000000d6080000,0x00000000d6080000)
  from space 1024K, 98% used [0x00000000d6300000,0x00000000d63fc030,0x00000000d6400000)
  to   space 512K, 0% used [0x00000000d6400000,0x00000000d6400000,0x00000000d6480000)
 ParOldGen       total 337920K, used 337813K [0x0000000080000000, 0x0000000094a00000, 0x00000000d5580000)
  object space 337920K, 99% used [0x0000000080000000,0x00000000949e5678,0x0000000094a00000)
 Metaspace       used 99148K, committed 101184K, reserved 1179648K
  class space    used 9910K, committed 10944K, reserved 1048576K
}
Event: 3734.366 GC heap after
{Heap after GC invocations=7154 (full 8):
 PSYoungGen      total 11776K, used 512K [0x00000000d5580000, 0x00000000d6580000, 0x0000000100000000)
  eden space 11264K, 0% used [0x00000000d5580000,0x00000000d5580000,0x00000000d6080000)
  from space 512K, 100% used [0x00000000d6400000,0x00000000d6480000,0x00000000d6480000)
  to   space 2560K, 0% used [0x00000000d6080000,0x00000000d6080000,0x00000000d6300000)
 ParOldGen       total 339456K, used 339261K [0x0000000080000000, 0x0000000094b80000, 0x00000000d5580000)
  object space 339456K, 99% used [0x0000000080000000,0x0000000094b4f6a8,0x0000000094b80000)
 Metaspace       used 99148K, committed 101184K, reserved 1179648K
  class space    used 9910K, committed 10944K, reserved 1048576K
}
Event: 3734.373 GC heap before
{Heap before GC invocations=7155 (full 8):
 PSYoungGen      total 11776K, used 11776K [0x00000000d5580000, 0x00000000d6580000, 0x0000000100000000)
  eden space 11264K, 100% used [0x00000000d5580000,0x00000000d6080000,0x00000000d6080000)
  from space 512K, 100% used [0x00000000d6400000,0x00000000d6480000,0x00000000d6480000)
  to   space 2560K, 0% used [0x00000000d6080000,0x00000000d6080000,0x00000000d6300000)
 ParOldGen       total 339456K, used 339261K [0x0000000080000000, 0x0000000094b80000, 0x00000000d5580000)
  object space 339456K, 99% used [0x0000000080000000,0x0000000094b4f6a8,0x0000000094b80000)
 Metaspace       used 99148K, committed 101184K, reserved 1179648K
  class space    used 9910K, committed 10944K, reserved 1048576K
}
Event: 3734.374 GC heap after
{Heap after GC invocations=7155 (full 8):
 PSYoungGen      total 13824K, used 960K [0x00000000d5580000, 0x00000000d6480000, 0x0000000100000000)
  eden space 11264K, 0% used [0x00000000d5580000,0x00000000d5580000,0x00000000d6080000)
  from space 2560K, 37% used [0x00000000d6080000,0x00000000d6170020,0x00000000d6300000)
  to   space 1536K, 0% used [0x00000000d6300000,0x00000000d6300000,0x00000000d6480000)
 ParOldGen       total 339968K, used 339789K [0x0000000080000000, 0x0000000094c00000, 0x00000000d5580000)
  object space 339968K, 99% used [0x0000000080000000,0x0000000094bd34e8,0x0000000094c00000)
 Metaspace       used 99148K, committed 101184K, reserved 1179648K
  class space    used 9910K, committed 10944K, reserved 1048576K
}
Event: 4022.412 GC heap before
{Heap before GC invocations=7156 (full 8):
 PSYoungGen      total 13824K, used 12224K [0x00000000d5580000, 0x00000000d6480000, 0x0000000100000000)
  eden space 11264K, 100% used [0x00000000d5580000,0x00000000d6080000,0x00000000d6080000)
  from space 2560K, 37% used [0x00000000d6080000,0x00000000d6170020,0x00000000d6300000)
  to   space 1536K, 0% used [0x00000000d6300000,0x00000000d6300000,0x00000000d6480000)
 ParOldGen       total 339968K, used 339789K [0x0000000080000000, 0x0000000094c00000, 0x00000000d5580000)
  object space 339968K, 99% used [0x0000000080000000,0x0000000094bd34e8,0x0000000094c00000)
 Metaspace       used 99148K, committed 101184K, reserved 1179648K
  class space    used 9910K, committed 10944K, reserved 1048576K
}
Event: 4022.413 GC heap after
{Heap after GC invocations=7156 (full 8):
 PSYoungGen      total 12800K, used 1056K [0x00000000d5580000, 0x00000000d6480000, 0x0000000100000000)
  eden space 11264K, 0% used [0x00000000d5580000,0x00000000d5580000,0x00000000d6080000)
  from space 1536K, 68% used [0x00000000d6300000,0x00000000d6408020,0x00000000d6480000)
  to   space 1536K, 0% used [0x00000000d6180000,0x00000000d6180000,0x00000000d6300000)
 ParOldGen       total 340992K, used 340673K [0x0000000080000000, 0x0000000094d00000, 0x00000000d5580000)
  object space 340992K, 99% used [0x0000000080000000,0x0000000094cb0538,0x0000000094d00000)
 Metaspace       used 99148K, committed 101184K, reserved 1179648K
  class space    used 9910K, committed 10944K, reserved 1048576K
}

