# JRE version: OpenJDK Runtime Environment (23.0.2+7) (build 23.0.2+7-58)
# Java VM: OpenJDK 64-Bit Server VM (23.0.2+7-58, mixed mode, emulated-client, sharing, tiered, compressed oops, compressed class ptrs, g1 gc, windows-amd64)
GC Precious Log:
 CardTable entry size: 512
 Card Set container configuration: InlinePtr #cards 4 size 8 Array Of Cards #cards 16 size 48 Howl #buckets 8 coarsen threshold 3686 Howl Bitmap #cards 512 size 80 coarsen threshold 460 Card regions per heap region 1 cards per card region 4096
 CPUs: 12 total, 12 available
 Memory: 16307M
 Large Page Support: Disabled
 NUMA Support: Disabled
 Compressed Oops: Enabled (Zero based)
 Heap Region Size: 2M
 Heap Min Capacity: 8M
 Heap Initial Capacity: 256M
 Heap Max Capacity: 4078M
 Pre-touch: Disabled
 Parallel Workers: 10
 Concurrent Workers: 3
 Concurrent Refinement Workers: 10
 Periodic GC: Disabled
Heap:
 garbage-first heap   total reserved 4175872K, committed 264192K, used 158188K [0x0000000701200000, 0x0000000800000000)
  region size 2048K, 2 young (4096K), 2 survivors (4096K)
 Metaspace       used 90881K, committed 91712K, reserved 1179648K
  class space    used 13350K, committed 13696K, reserved 1048576K
GC Heap History (20 events):
Event: 6.480 GC heap after
{Heap after GC invocations=37 (full 0):
 garbage-first heap   total reserved 4175872K, committed 161792K, used 79853K [0x0000000701200000, 0x0000000800000000)
  region size 2048K, 3 young (6144K), 3 survivors (6144K)
 Metaspace       used 81041K, committed 81792K, reserved 1179648K
  class space    used 12063K, committed 12352K, reserved 1048576K
}
Event: 6.774 GC heap before
{Heap before GC invocations=38 (full 0):
 garbage-first heap   total reserved 4175872K, committed 161792K, used 141293K [0x0000000701200000, 0x0000000800000000)
  region size 2048K, 34 young (69632K), 3 survivors (6144K)
 Metaspace       used 83682K, committed 84416K, reserved 1179648K
  class space    used 12385K, committed 12672K, reserved 1048576K
}
Event: 6.776 GC heap after
{Heap after GC invocations=39 (full 0):
 garbage-first heap   total reserved 4175872K, committed 161792K, used 81093K [0x0000000701200000, 0x0000000800000000)
  region size 2048K, 4 young (8192K), 4 survivors (8192K)
 Metaspace       used 83682K, committed 84416K, reserved 1179648K
  class space    used 12385K, committed 12672K, reserved 1048576K
}
Event: 6.873 GC heap before
{Heap before GC invocations=39 (full 0):
 garbage-first heap   total reserved 4175872K, committed 161792K, used 142533K [0x0000000701200000, 0x0000000800000000)
  region size 2048K, 34 young (69632K), 4 survivors (8192K)
 Metaspace       used 83730K, committed 84480K, reserved 1179648K
  class space    used 12397K, committed 12736K, reserved 1048576K
}
Event: 6.875 GC heap after
{Heap after GC invocations=40 (full 0):
 garbage-first heap   total reserved 4175872K, committed 161792K, used 78707K [0x0000000701200000, 0x0000000800000000)
  region size 2048K, 4 young (8192K), 4 survivors (8192K)
 Metaspace       used 83730K, committed 84480K, reserved 1179648K
  class space    used 12397K, committed 12736K, reserved 1048576K
}
Event: 6.968 GC heap before
{Heap before GC invocations=40 (full 0):
 garbage-first heap   total reserved 4175872K, committed 161792K, used 140147K [0x0000000701200000, 0x0000000800000000)
  region size 2048K, 34 young (69632K), 4 survivors (8192K)
 Metaspace       used 83730K, committed 84480K, reserved 1179648K
  class space    used 12397K, committed 12736K, reserved 1048576K
}
Event: 6.972 GC heap after
{Heap after GC invocations=41 (full 0):
 garbage-first heap   total reserved 4175872K, committed 231424K, used 83270K [0x0000000701200000, 0x0000000800000000)
  region size 2048K, 5 young (10240K), 5 survivors (10240K)
 Metaspace       used 83730K, committed 84480K, reserved 1179648K
  class space    used 12397K, committed 12736K, reserved 1048576K
}
Event: 7.199 GC heap before
{Heap before GC invocations=42 (full 0):
 garbage-first heap   total reserved 4175872K, committed 231424K, used 189766K [0x0000000701200000, 0x0000000800000000)
  region size 2048K, 58 young (118784K), 5 survivors (10240K)
 Metaspace       used 84109K, committed 84864K, reserved 1179648K
  class space    used 12434K, committed 12736K, reserved 1048576K
}
Event: 7.201 GC heap after
{Heap after GC invocations=43 (full 0):
 garbage-first heap   total reserved 4175872K, committed 231424K, used 77398K [0x0000000701200000, 0x0000000800000000)
  region size 2048K, 2 young (4096K), 2 survivors (4096K)
 Metaspace       used 84109K, committed 84864K, reserved 1179648K
  class space    used 12434K, committed 12736K, reserved 1048576K
}
Event: 7.352 GC heap before
{Heap before GC invocations=43 (full 0):
 garbage-first heap   total reserved 4175872K, committed 231424K, used 177750K [0x0000000701200000, 0x0000000800000000)
  region size 2048K, 51 young (104448K), 2 survivors (4096K)
 Metaspace       used 84167K, committed 84992K, reserved 1179648K
  class space    used 12441K, committed 12800K, reserved 1048576K
}
Event: 7.359 GC heap after
{Heap after GC invocations=44 (full 0):
 garbage-first heap   total reserved 4175872K, committed 231424K, used 91270K [0x0000000701200000, 0x0000000800000000)
  region size 2048K, 7 young (14336K), 7 survivors (14336K)
 Metaspace       used 84167K, committed 84992K, reserved 1179648K
  class space    used 12441K, committed 12800K, reserved 1048576K
}
Event: 7.529 GC heap before
{Heap before GC invocations=44 (full 0):
 garbage-first heap   total reserved 4175872K, committed 231424K, used 183430K [0x0000000701200000, 0x0000000800000000)
  region size 2048K, 52 young (106496K), 7 survivors (14336K)
 Metaspace       used 84168K, committed 84992K, reserved 1179648K
  class space    used 12441K, committed 12800K, reserved 1048576K
}
Event: 7.542 GC heap after
{Heap after GC invocations=45 (full 0):
 garbage-first heap   total reserved 4175872K, committed 231424K, used 120718K [0x0000000701200000, 0x0000000800000000)
  region size 2048K, 7 young (14336K), 7 survivors (14336K)
 Metaspace       used 84168K, committed 84992K, reserved 1179648K
  class space    used 12441K, committed 12800K, reserved 1048576K
}
Event: 7.604 GC heap before
{Heap before GC invocations=45 (full 0):
 garbage-first heap   total reserved 4175872K, committed 231424K, used 153486K [0x0000000701200000, 0x0000000800000000)
  region size 2048K, 24 young (49152K), 7 survivors (14336K)
 Metaspace       used 84168K, committed 84992K, reserved 1179648K
  class space    used 12441K, committed 12800K, reserved 1048576K
}
Event: 7.614 GC heap after
{Heap after GC invocations=46 (full 0):
 garbage-first heap   total reserved 4175872K, committed 231424K, used 136036K [0x0000000701200000, 0x0000000800000000)
  region size 2048K, 6 young (12288K), 6 survivors (12288K)
 Metaspace       used 84168K, committed 84992K, reserved 1179648K
  class space    used 12441K, committed 12800K, reserved 1048576K
}
Event: 7.769 GC heap before
{Heap before GC invocations=47 (full 0):
 garbage-first heap   total reserved 4175872K, committed 233472K, used 191332K [0x0000000701200000, 0x0000000800000000)
  region size 2048K, 32 young (65536K), 6 survivors (12288K)
 Metaspace       used 84304K, committed 85056K, reserved 1179648K
  class space    used 12463K, committed 12800K, reserved 1048576K
}
Event: 7.780 GC heap after
{Heap after GC invocations=48 (full 0):
 garbage-first heap   total reserved 4175872K, committed 233472K, used 155374K [0x0000000701200000, 0x0000000800000000)
  region size 2048K, 4 young (8192K), 4 survivors (8192K)
 Metaspace       used 84304K, committed 85056K, reserved 1179648K
  class space    used 12463K, committed 12800K, reserved 1048576K
}
Event: 8.053 GC heap before
{Heap before GC invocations=48 (full 0):
 garbage-first heap   total reserved 4175872K, committed 233472K, used 198382K [0x0000000701200000, 0x0000000800000000)
  region size 2048K, 25 young (51200K), 4 survivors (8192K)
 Metaspace       used 85346K, committed 86144K, reserved 1179648K
  class space    used 12580K, committed 12928K, reserved 1048576K
}
Event: 8.057 GC heap after
{Heap after GC invocations=49 (full 0):
 garbage-first heap   total reserved 4175872K, committed 233472K, used 157322K [0x0000000701200000, 0x0000000800000000)
  region size 2048K, 2 young (4096K), 2 survivors (4096K)
 Metaspace       used 85346K, committed 86144K, reserved 1179648K
  class space    used 12580K, committed 12928K, reserved 1048576K
}
Event: 8.444 GC heap before
{Heap before GC invocations=49 (full 0):
 garbage-first heap   total reserved 4175872K, committed 233472K, used 200330K [0x0000000701200000, 0x0000000800000000)
  region size 2048K, 23 young (47104K), 2 survivors (4096K)
 Metaspace       used 90881K, committed 91712K, reserved 1179648K
  class space    used 13350K, committed 13696K, reserved 1048576K
}

