# JRE version: OpenJDK Runtime Environment (25.0.2+10) (build 25.0.2+10-69)
# Java VM: OpenJDK 64-Bit Server VM (25.0.2+10-69, mixed mode, emulated-client, sharing, tiered, compressed oops, compressed class ptrs, g1 gc, windows-amd64)
GC Precious Log:
 CardTable entry size: 512
 Card Set container configuration: InlinePtr #cards 4 size 8 Array Of Cards #cards 16 size 48 Howl #buckets 8 coarsen threshold 3686 Howl Bitmap #cards 512 size 80 coarsen threshold 460 Card regions per heap region 1 cards per card region 4096
 CPUs: 12 total, 12 available
 Memory: 16307M
 Large Page Support: Disabled
 NUMA Support: Disabled
 Compressed Oops: Enabled (Zero based)
 Heap Region Size: 2M
 Heap Min Capacity: 8M
 Heap Initial Capacity: 256M
 Heap Max Capacity: 4078M
 Pre-touch: Disabled
 Parallel Workers: 10
 Concurrent Workers: 3
 Concurrent Refinement Workers: 10
 Periodic GC: Disabled
Heap:
 garbage-first heap   total reserved 4175872K, committed 161792K, used 150138K [0x0000000701200000, 0x0000000800000000)
  region size 2048K, 36 young (73728K), 1 survivors (2048K)
GC Heap Usage History (20 events):
Event: 6.785 {heap After GC invocations=33 (full 0):
 garbage-first heap   total reserved 4175872K, committed 141312K, used 73728K [0x0000000701200000, 0x0000000800000000)
  region size 2048K, 3 young (6144K), 3 survivors (6144K)
}
Event: 7.292 {heap Before GC invocations=33 (full 0):
 garbage-first heap   total reserved 4175872K, committed 141312K, used 131072K [0x0000000701200000, 0x0000000800000000)
  region size 2048K, 31 young (63488K), 3 survivors (6144K)
}
Event: 7.296 {heap After GC invocations=34 (full 0):
 garbage-first heap   total reserved 4175872K, committed 145408K, used 75585K [0x0000000701200000, 0x0000000800000000)
  region size 2048K, 4 young (8192K), 4 survivors (8192K)
}
Event: 7.669 {heap Before GC invocations=34 (full 0):
 garbage-first heap   total reserved 4175872K, committed 145408K, used 132929K [0x0000000701200000, 0x0000000800000000)
  region size 2048K, 32 young (65536K), 4 survivors (8192K)
}
Event: 7.673 {heap After GC invocations=35 (full 0):
 garbage-first heap   total reserved 4175872K, committed 147456K, used 78483K [0x0000000701200000, 0x0000000800000000)
  region size 2048K, 4 young (8192K), 4 survivors (8192K)
}
Event: 8.097 {heap Before GC invocations=36 (full 0):
 garbage-first heap   total reserved 4175872K, committed 147456K, used 133779K [0x0000000701200000, 0x0000000800000000)
  region size 2048K, 31 young (63488K), 4 survivors (8192K)
}
Event: 8.100 {heap After GC invocations=37 (full 0):
 garbage-first heap   total reserved 4175872K, committed 147456K, used 81005K [0x0000000701200000, 0x0000000800000000)
  region size 2048K, 3 young (6144K), 3 survivors (6144K)
}
Event: 15.037 {heap Before GC invocations=37 (full 0):
 garbage-first heap   total reserved 4175872K, committed 147456K, used 134253K [0x0000000701200000, 0x0000000800000000)
  region size 2048K, 30 young (61440K), 3 survivors (6144K)
}
Event: 15.041 {heap After GC invocations=38 (full 0):
 garbage-first heap   total reserved 4175872K, committed 147456K, used 78934K [0x0000000701200000, 0x0000000800000000)
  region size 2048K, 3 young (6144K), 3 survivors (6144K)
}
Event: 68.309 {heap Before GC invocations=38 (full 0):
 garbage-first heap   total reserved 4175872K, committed 147456K, used 134230K [0x0000000701200000, 0x0000000800000000)
  region size 2048K, 31 young (63488K), 3 survivors (6144K)
}
Event: 68.312 {heap After GC invocations=39 (full 0):
 garbage-first heap   total reserved 4175872K, committed 147456K, used 82229K [0x0000000701200000, 0x0000000800000000)
  region size 2048K, 4 young (8192K), 4 survivors (8192K)
}
Event: 214.719 {heap Before GC invocations=40 (full 0):
 garbage-first heap   total reserved 4175872K, committed 147456K, used 135477K [0x0000000701200000, 0x0000000800000000)
  region size 2048K, 30 young (61440K), 4 survivors (8192K)
}
Event: 214.722 {heap After GC invocations=41 (full 0):
 garbage-first heap   total reserved 4175872K, committed 147456K, used 82809K [0x0000000701200000, 0x0000000800000000)
  region size 2048K, 2 young (4096K), 2 survivors (4096K)
}
Event: 298.487 {heap Before GC invocations=41 (full 0):
 garbage-first heap   total reserved 4175872K, committed 147456K, used 136057K [0x0000000701200000, 0x0000000800000000)
  region size 2048K, 28 young (57344K), 2 survivors (4096K)
}
Event: 298.492 {heap After GC invocations=42 (full 0):
 garbage-first heap   total reserved 4175872K, committed 151552K, used 77824K [0x0000000701200000, 0x0000000800000000)
  region size 2048K, 2 young (4096K), 2 survivors (4096K)
}
Event: 337.542 {heap Before GC invocations=42 (full 0):
 garbage-first heap   total reserved 4175872K, committed 151552K, used 100352K [0x0000000701200000, 0x0000000800000000)
  region size 2048K, 15 young (30720K), 2 survivors (4096K)
}
Event: 337.545 {heap After GC invocations=43 (full 0):
 garbage-first heap   total reserved 4175872K, committed 151552K, used 78617K [0x0000000701200000, 0x0000000800000000)
  region size 2048K, 3 young (6144K), 3 survivors (6144K)
}
Event: 478.156 {heap Before GC invocations=44 (full 0):
 garbage-first heap   total reserved 4175872K, committed 157696K, used 154393K [0x0000000701200000, 0x0000000800000000)
  region size 2048K, 29 young (59392K), 3 survivors (6144K)
}
Event: 478.159 {heap After GC invocations=45 (full 0):
 garbage-first heap   total reserved 4175872K, committed 161792K, used 78458K [0x0000000701200000, 0x0000000800000000)
  region size 2048K, 1 young (2048K), 1 survivors (2048K)
}
Event: 693.380 {heap Before GC invocations=45 (full 0):
 garbage-first heap   total reserved 4175872K, committed 161792K, used 150138K [0x0000000701200000, 0x0000000800000000)
  region size 2048K, 36 young (73728K), 1 survivors (2048K)
}

