# JRE version: OpenJDK Runtime Environment (23.0.2+7) (build 23.0.2+7-58)
# Java VM: OpenJDK 64-Bit Server VM (23.0.2+7-58, mixed mode, emulated-client, sharing, tiered, compressed oops, compressed class ptrs, g1 gc, windows-amd64)
GC Precious Log:
 CardTable entry size: 512
 Card Set container configuration: InlinePtr #cards 4 size 8 Array Of Cards #cards 16 size 48 Howl #buckets 8 coarsen threshold 3686 Howl Bitmap #cards 512 size 80 coarsen threshold 460 Card regions per heap region 1 cards per card region 4096
 CPUs: 12 total, 12 available
 Memory: 16307M
 Large Page Support: Disabled
 NUMA Support: Disabled
 Compressed Oops: Enabled (Zero based)
 Heap Region Size: 2M
 Heap Min Capacity: 8M
 Heap Initial Capacity: 256M
 Heap Max Capacity: 4078M
 Pre-touch: Disabled
 Parallel Workers: 10
 Concurrent Workers: 3
 Concurrent Refinement Workers: 10
 Periodic GC: Disabled
Heap:
 garbage-first heap   total reserved 4175872K, committed 102400K, used 58939K [0x0000000701200000, 0x0000000800000000)
  region size 2048K, 1 young (2048K), 1 survivors (2048K)
 Metaspace       used 80848K, committed 81600K, reserved 1179648K
  class space    used 12048K, committed 12352K, reserved 1048576K
GC Heap History (20 events):
Event: 4.382 GC heap after
{Heap after GC invocations=16 (full 0):
 garbage-first heap   total reserved 4175872K, committed 102400K, used 44772K [0x0000000701200000, 0x0000000800000000)
  region size 2048K, 2 young (4096K), 2 survivors (4096K)
 Metaspace       used 59614K, committed 60288K, reserved 1114112K
  class space    used 8660K, committed 8960K, reserved 1048576K
}
Event: 4.715 GC heap before
{Heap before GC invocations=17 (full 0):
 garbage-first heap   total reserved 4175872K, committed 102400K, used 87780K [0x0000000701200000, 0x0000000800000000)
  region size 2048K, 23 young (47104K), 2 survivors (4096K)
 Metaspace       used 62629K, committed 63296K, reserved 1114112K
  class space    used 9261K, committed 9536K, reserved 1048576K
}
Event: 4.718 GC heap after
{Heap after GC invocations=18 (full 0):
 garbage-first heap   total reserved 4175872K, committed 102400K, used 45647K [0x0000000701200000, 0x0000000800000000)
  region size 2048K, 2 young (4096K), 2 survivors (4096K)
 Metaspace       used 62629K, committed 63296K, reserved 1114112K
  class space    used 9261K, committed 9536K, reserved 1048576K
}
Event: 5.337 GC heap before
{Heap before GC invocations=18 (full 0):
 garbage-first heap   total reserved 4175872K, committed 102400K, used 88655K [0x0000000701200000, 0x0000000800000000)
  region size 2048K, 23 young (47104K), 2 survivors (4096K)
 Metaspace       used 67574K, committed 68288K, reserved 1114112K
  class space    used 9994K, committed 10304K, reserved 1048576K
}
Event: 5.339 GC heap after
{Heap after GC invocations=19 (full 0):
 garbage-first heap   total reserved 4175872K, committed 102400K, used 47616K [0x0000000701200000, 0x0000000800000000)
  region size 2048K, 3 young (6144K), 3 survivors (6144K)
 Metaspace       used 67574K, committed 68288K, reserved 1114112K
  class space    used 9994K, committed 10304K, reserved 1048576K
}
Event: 5.668 GC heap before
{Heap before GC invocations=19 (full 0):
 garbage-first heap   total reserved 4175872K, committed 102400K, used 86528K [0x0000000701200000, 0x0000000800000000)
  region size 2048K, 22 young (45056K), 3 survivors (6144K)
 Metaspace       used 72235K, committed 73024K, reserved 1114112K
  class space    used 10798K, committed 11136K, reserved 1048576K
}
Event: 5.671 GC heap after
{Heap after GC invocations=20 (full 0):
 garbage-first heap   total reserved 4175872K, committed 102400K, used 50070K [0x0000000701200000, 0x0000000800000000)
  region size 2048K, 3 young (6144K), 3 survivors (6144K)
 Metaspace       used 72235K, committed 73024K, reserved 1114112K
  class space    used 10798K, committed 11136K, reserved 1048576K
}
Event: 5.827 GC heap before
{Heap before GC invocations=20 (full 0):
 garbage-first heap   total reserved 4175872K, committed 102400K, used 88982K [0x0000000701200000, 0x0000000800000000)
  region size 2048K, 22 young (45056K), 3 survivors (6144K)
 Metaspace       used 73979K, committed 74752K, reserved 1114112K
  class space    used 11173K, committed 11520K, reserved 1048576K
}
Event: 5.831 GC heap after
{Heap after GC invocations=21 (full 0):
 garbage-first heap   total reserved 4175872K, committed 102400K, used 52384K [0x0000000701200000, 0x0000000800000000)
  region size 2048K, 3 young (6144K), 3 survivors (6144K)
 Metaspace       used 73979K, committed 74752K, reserved 1114112K
  class space    used 11173K, committed 11520K, reserved 1048576K
}
Event: 6.058 GC heap before
{Heap before GC invocations=22 (full 0):
 garbage-first heap   total reserved 4175872K, committed 102400K, used 87200K [0x0000000701200000, 0x0000000800000000)
  region size 2048K, 20 young (40960K), 3 survivors (6144K)
 Metaspace       used 76299K, committed 77120K, reserved 1179648K
  class space    used 11494K, committed 11840K, reserved 1048576K
}
Event: 6.060 GC heap after
{Heap after GC invocations=23 (full 0):
 garbage-first heap   total reserved 4175872K, committed 102400K, used 53186K [0x0000000701200000, 0x0000000800000000)
  region size 2048K, 2 young (4096K), 2 survivors (4096K)
 Metaspace       used 76299K, committed 77120K, reserved 1179648K
  class space    used 11494K, committed 11840K, reserved 1048576K
}
Event: 6.321 GC heap before
{Heap before GC invocations=23 (full 0):
 garbage-first heap   total reserved 4175872K, committed 102400K, used 88002K [0x0000000701200000, 0x0000000800000000)
  region size 2048K, 20 young (40960K), 2 survivors (4096K)
 Metaspace       used 80119K, committed 80896K, reserved 1179648K
  class space    used 11854K, committed 12160K, reserved 1048576K
}
Event: 6.324 GC heap after
{Heap after GC invocations=24 (full 0):
 garbage-first heap   total reserved 4175872K, committed 102400K, used 55750K [0x0000000701200000, 0x0000000800000000)
  region size 2048K, 3 young (6144K), 3 survivors (6144K)
 Metaspace       used 80119K, committed 80896K, reserved 1179648K
  class space    used 11854K, committed 12160K, reserved 1048576K
}
Event: 6.386 GC heap before
{Heap before GC invocations=24 (full 0):
 garbage-first heap   total reserved 4175872K, committed 102400K, used 88518K [0x0000000701200000, 0x0000000800000000)
  region size 2048K, 19 young (38912K), 3 survivors (6144K)
 Metaspace       used 80210K, committed 81024K, reserved 1179648K
  class space    used 11885K, committed 12224K, reserved 1048576K
}
Event: 6.388 GC heap after
{Heap after GC invocations=25 (full 0):
 garbage-first heap   total reserved 4175872K, committed 102400K, used 56192K [0x0000000701200000, 0x0000000800000000)
  region size 2048K, 2 young (4096K), 2 survivors (4096K)
 Metaspace       used 80210K, committed 81024K, reserved 1179648K
  class space    used 11885K, committed 12224K, reserved 1048576K
}
Event: 6.549 GC heap before
{Heap before GC invocations=26 (full 0):
 garbage-first heap   total reserved 4175872K, committed 102400K, used 91008K [0x0000000701200000, 0x0000000800000000)
  region size 2048K, 19 young (38912K), 2 survivors (4096K)
 Metaspace       used 80649K, committed 81408K, reserved 1179648K
  class space    used 11956K, committed 12288K, reserved 1048576K
}
Event: 6.552 GC heap after
{Heap after GC invocations=27 (full 0):
 garbage-first heap   total reserved 4175872K, committed 102400K, used 60362K [0x0000000701200000, 0x0000000800000000)
  region size 2048K, 3 young (6144K), 3 survivors (6144K)
 Metaspace       used 80649K, committed 81408K, reserved 1179648K
  class space    used 11956K, committed 12288K, reserved 1048576K
}
Event: 6.587 GC heap before
{Heap before GC invocations=27 (full 0):
 garbage-first heap   total reserved 4175872K, committed 102400K, used 86986K [0x0000000701200000, 0x0000000800000000)
  region size 2048K, 16 young (32768K), 3 survivors (6144K)
 Metaspace       used 80651K, committed 81408K, reserved 1179648K
  class space    used 11956K, committed 12288K, reserved 1048576K
}
Event: 6.590 GC heap after
{Heap after GC invocations=28 (full 0):
 garbage-first heap   total reserved 4175872K, committed 102400K, used 60652K [0x0000000701200000, 0x0000000800000000)
  region size 2048K, 2 young (4096K), 2 survivors (4096K)
 Metaspace       used 80651K, committed 81408K, reserved 1179648K
  class space    used 11956K, committed 12288K, reserved 1048576K
}
Event: 6.649 GC heap before
{Heap before GC invocations=28 (full 0):
 garbage-first heap   total reserved 4175872K, committed 102400K, used 91372K [0x0000000701200000, 0x0000000800000000)
  region size 2048K, 17 young (34816K), 2 survivors (4096K)
 Metaspace       used 80848K, committed 81600K, reserved 1179648K
  class space    used 12048K, committed 12352K, reserved 1048576K
}

